

================================================================
== Vivado HLS Report for 'Loop_4_proc'
================================================================
* Date:           Tue Mar 17 19:52:50 2020

* Version:        2017.2 (Build 1909853 on Thu Jun 15 18:55:24 MDT 2017)
* Project:        sharpen
* Solution:       hls_target
* Product family: zynq
* Target device:  xc7z020clg484-1


================================================================
== Performance Estimates
================================================================
+ Timing (ns): 
    * Summary: 
    +--------+-------+----------+------------+
    |  Clock | Target| Estimated| Uncertainty|
    +--------+-------+----------+------------+
    |ap_clk  |   5.60|      7.33|        0.70|
    +--------+-------+----------+------------+

+ Latency (clock cycles): 
    * Summary: 
    +---------+---------+---------+---------+---------+
    |      Latency      |      Interval     | Pipeline|
    |   min   |   max   |   min   |   max   |   Type  |
    +---------+---------+---------+---------+---------+
    |  2067609|  2067609|  2067609|  2067609|   none  |
    +---------+---------+---------+---------+---------+

    + Detail: 
        * Instance: 
        N/A

        * Loop: 
        +----------+---------+---------+----------+-----------+-----------+---------+----------+
        |          |      Latency      | Iteration|  Initiation Interval  |   Trip  |          |
        | Loop Name|   min   |   max   |  Latency |  achieved |   target  |  Count  | Pipelined|
        +----------+---------+---------+----------+-----------+-----------+---------+----------+
        |- Loop 1  |  2067607|  2067607|         5|          1|          1|  2067604|    yes   |
        +----------+---------+---------+----------+-----------+-----------+---------+----------+



================================================================
== Utilization Estimates
================================================================
* Summary: 
+-----------------+---------+-------+--------+-------+
|       Name      | BRAM_18K| DSP48E|   FF   |  LUT  |
+-----------------+---------+-------+--------+-------+
|DSP              |        -|      -|       -|      -|
|Expression       |        -|      -|     447|    310|
|FIFO             |        -|      -|       -|      -|
|Instance         |        -|      -|       -|      -|
|Memory           |        -|      -|       -|      -|
|Multiplexer      |        -|      -|       -|    129|
|Register         |        -|      -|     469|     96|
+-----------------+---------+-------+--------+-------+
|Total            |        0|      0|     916|    535|
+-----------------+---------+-------+--------+-------+
|Available        |      280|    220|  106400|  53200|
+-----------------+---------+-------+--------+-------+
|Utilization (%)  |        0|      0|   ~0   |      1|
+-----------------+---------+-------+--------+-------+

+ Detail: 
    * Instance: 
    N/A

    * DSP48: 
    N/A

    * Memory: 
    N/A

    * FIFO: 
    N/A

    * Expression: 
    +----------------------------------+----------+-------+-----+----+------------+------------+
    |           Variable Name          | Operation| DSP48E|  FF | LUT| Bitwidth P0| Bitwidth P1|
    +----------------------------------+----------+-------+-----+----+------------+------------+
    |hw_output_V_value_V               |     +    |      0|  101|  37|          32|          32|
    |indvar_flatten_next_fu_138_p2     |     +    |      0|   68|  26|          21|           1|
    |p_hw_output_x_scan_1_fu_158_p2    |     +    |      0|   38|  16|          11|           1|
    |p_hw_output_y_scan_2_fu_164_p2    |     +    |      0|   38|  16|          11|           1|
    |p_439_fu_211_p2                   |     -    |      0|  101|  37|          32|          32|
    |p_443_fu_206_p2                   |     -    |      0|  101|  37|          32|          32|
    |ap_block_pp0_stage0_flag00001001  |    and   |      0|    0|   2|           1|           1|
    |ap_block_state6_io                |    and   |      0|    0|   2|           1|           1|
    |tmp_last_V_fu_251_p2              |    and   |      0|    0|   2|           1|           1|
    |exitcond7_fu_144_p2               |   icmp   |      0|    0|   6|          11|           9|
    |exitcond_flatten_fu_132_p2        |   icmp   |      0|    0|  13|          21|          16|
    |p_442_fu_241_p2                   |   icmp   |      0|    0|  16|          28|           1|
    |p_444_fu_246_p2                   |   icmp   |      0|    0|  16|          28|           1|
    |tmp_1_fu_170_p2                   |   icmp   |      0|    0|   6|          11|          11|
    |tmp_3_mid1_fu_198_p2              |   icmp   |      0|    0|   6|          11|          11|
    |tmp_s_fu_193_p2                   |   icmp   |      0|    0|   6|          11|           9|
    |ap_block_pp0_stage0_flag00011001  |    or    |      0|    0|   2|           1|           1|
    |ap_block_state1                   |    or    |      0|    0|   2|           1|           1|
    |ap_block_state3_pp0_stage0_iter1  |    or    |      0|    0|   2|           1|           1|
    |p_447_fu_285_p3                   |  select  |      0|    0|  30|           1|          30|
    |p_hw_output_x_scan_s_fu_150_p3    |  select  |      0|    0|  11|           1|           1|
    |p_hw_output_y_scan_s_fu_176_p3    |  select  |      0|    0|  11|           1|          11|
    |tmp_14_fu_274_p3                  |  select  |      0|    0|   2|           1|           2|
    |tmp_3_mid2_fu_236_p3              |  select  |      0|    0|   2|           1|           1|
    |ap_enable_pp0                     |    xor   |      0|    0|   2|           1|           2|
    |ap_enable_reg_pp0_iter1           |    xor   |      0|    0|   2|           1|           2|
    +----------------------------------+----------+-------+-----+----+------------+------------+
    |Total                             |          |      0|  447| 310|         273|         212|
    +----------------------------------+----------+-------+-----+----+------------+------------+

    * Multiplexer: 
    +------------------------------------------------+----+-----------+-----+-----------+
    |                      Name                      | LUT| Input Size| Bits| Total Bits|
    +------------------------------------------------+----+-----------+-----+-----------+
    |ap_NS_fsm                                       |  21|          4|    1|          4|
    |ap_done                                         |   9|          2|    1|          2|
    |ap_enable_reg_pp0_iter1                         |   9|          2|    1|          2|
    |ap_enable_reg_pp0_iter4                         |   9|          2|    1|          2|
    |ap_sig_ioackin_hw_output_V_value_V_ap_ack       |   9|          2|    1|          2|
    |hw_output_V_last_V_blk_n                        |   9|          2|    1|          2|
    |hw_output_V_value_V_blk_n                       |   9|          2|    1|          2|
    |indvar_flatten_reg_98                           |   9|          2|   21|         42|
    |p_delayed_input_stencil_stream_V_value_V_blk_n  |   9|          2|    1|          2|
    |p_hw_output_x_scan_2_reg_121                    |   9|          2|   11|         22|
    |p_hw_output_y_scan_1_phi_fu_113_p4              |   9|          2|   11|         22|
    |p_hw_output_y_scan_1_reg_109                    |   9|          2|   11|         22|
    |p_mul_stencil_stream_V_value_V_blk_n            |   9|          2|    1|          2|
    +------------------------------------------------+----+-----------+-----+-----------+
    |Total                                           | 129|         28|   63|        128|
    +------------------------------------------------+----+-----------+-----+-----------+

    * Register: 
    +-------------------------------------------+----+----+-----+-----------+
    |                    Name                   | FF | LUT| Bits| Const Bits|
    +-------------------------------------------+----+----+-----+-----------+
    |ap_CS_fsm                                  |   3|   0|    3|          0|
    |ap_done_reg                                |   1|   0|    1|          0|
    |ap_enable_reg_pp0_iter0                    |   1|   0|    1|          0|
    |ap_enable_reg_pp0_iter1                    |   1|   0|    1|          0|
    |ap_enable_reg_pp0_iter2                    |   1|   0|    1|          0|
    |ap_enable_reg_pp0_iter3                    |   1|   0|    1|          0|
    |ap_enable_reg_pp0_iter4                    |   1|   0|    1|          0|
    |ap_reg_ioackin_hw_output_V_last_V_ap_ack   |   1|   0|    1|          0|
    |ap_reg_ioackin_hw_output_V_value_V_ap_ack  |   1|   0|    1|          0|
    |ap_reg_pp0_iter2_tmp_1_reg_332             |   1|   0|    1|          0|
    |ap_reg_pp0_iter2_tmp_s_reg_354             |   1|   0|    1|          0|
    |ap_reg_pp0_iter3_p_439_reg_364             |  32|   0|   32|          0|
    |exitcond7_reg_311                          |   1|   0|    1|          0|
    |exitcond_flatten_reg_302                   |   1|   0|    1|          0|
    |indvar_flatten_reg_98                      |  21|   0|   21|          0|
    |p_439_reg_364                              |  32|   0|   32|          0|
    |p_442_reg_380                              |   1|   0|    1|          0|
    |p_444_reg_385                              |   1|   0|    1|          0|
    |p_hw_output_x_scan_2_reg_121               |  11|   0|   11|          0|
    |p_hw_output_x_scan_s_reg_317               |  11|   0|   11|          0|
    |p_hw_output_y_scan_1_reg_109               |  11|   0|   11|          0|
    |p_hw_output_y_scan_2_reg_327               |  11|   0|   11|          0|
    |p_hw_output_y_scan_s_reg_337               |  11|   0|   11|          0|
    |p_s_reg_349                                |  28|   0|   28|          0|
    |tmp_11_reg_370                             |  28|   0|   28|          0|
    |tmp_12_reg_375                             |  28|   0|   28|          0|
    |tmp_1_reg_332                              |   1|   0|    1|          0|
    |tmp_3_mid1_reg_359                         |   1|   0|    1|          0|
    |tmp_last_V_reg_390                         |   1|   0|    1|          0|
    |tmp_s_reg_354                              |   1|   0|    1|          0|
    |tmp_value_V_5_reg_342                      |  32|   0|   32|          0|
    |exitcond7_reg_311                          |  64|  32|    1|          0|
    |exitcond_flatten_reg_302                   |  64|  32|    1|          0|
    |tmp_value_V_5_reg_342                      |  64|  32|   32|          0|
    +-------------------------------------------+----+----+-----+-----------+
    |Total                                      | 469|  96|  311|          0|
    +-------------------------------------------+----+----+-----+-----------+



================================================================
== Interface
================================================================
* Summary: 
+--------------------------------------------------+-----+-----+------------+------------------------------------------+--------------+
|                     RTL Ports                    | Dir | Bits|  Protocol  |               Source Object              |    C Type    |
+--------------------------------------------------+-----+-----+------------+------------------------------------------+--------------+
|ap_clk                                            |  in |    1| ap_ctrl_hs |                Loop_4_proc               | return value |
|ap_rst                                            |  in |    1| ap_ctrl_hs |                Loop_4_proc               | return value |
|ap_start                                          |  in |    1| ap_ctrl_hs |                Loop_4_proc               | return value |
|ap_done                                           | out |    1| ap_ctrl_hs |                Loop_4_proc               | return value |
|ap_continue                                       |  in |    1| ap_ctrl_hs |                Loop_4_proc               | return value |
|ap_idle                                           | out |    1| ap_ctrl_hs |                Loop_4_proc               | return value |
|ap_ready                                          | out |    1| ap_ctrl_hs |                Loop_4_proc               | return value |
|hw_output_V_value_V                               | out |   32|    ap_hs   |            hw_output_V_value_V           |    pointer   |
|hw_output_V_value_V_ap_vld                        | out |    1|    ap_hs   |            hw_output_V_value_V           |    pointer   |
|hw_output_V_value_V_ap_ack                        |  in |    1|    ap_hs   |            hw_output_V_value_V           |    pointer   |
|hw_output_V_last_V                                | out |    1|    ap_hs   |            hw_output_V_last_V            |    pointer   |
|hw_output_V_last_V_ap_vld                         | out |    1|    ap_hs   |            hw_output_V_last_V            |    pointer   |
|hw_output_V_last_V_ap_ack                         |  in |    1|    ap_hs   |            hw_output_V_last_V            |    pointer   |
|p_mul_stencil_stream_V_value_V_dout               |  in |   32|   ap_fifo  |      p_mul_stencil_stream_V_value_V      |    pointer   |
|p_mul_stencil_stream_V_value_V_empty_n            |  in |    1|   ap_fifo  |      p_mul_stencil_stream_V_value_V      |    pointer   |
|p_mul_stencil_stream_V_value_V_read               | out |    1|   ap_fifo  |      p_mul_stencil_stream_V_value_V      |    pointer   |
|p_delayed_input_stencil_stream_V_value_V_dout     |  in |   32|   ap_fifo  | p_delayed_input_stencil_stream_V_value_V |    pointer   |
|p_delayed_input_stencil_stream_V_value_V_empty_n  |  in |    1|   ap_fifo  | p_delayed_input_stencil_stream_V_value_V |    pointer   |
|p_delayed_input_stencil_stream_V_value_V_read     | out |    1|   ap_fifo  | p_delayed_input_stencil_stream_V_value_V |    pointer   |
+--------------------------------------------------+-----+-----+------------+------------------------------------------+--------------+

