

================================================================
== Vivado HLS Report for 'Loop_3_proc'
================================================================
* Date:           Tue Mar 17 19:52:50 2020

* Version:        2017.2 (Build 1909853 on Thu Jun 15 18:55:24 MDT 2017)
* Project:        sharpen
* Solution:       hls_target
* Product family: zynq
* Target device:  xc7z020clg484-1


================================================================
== Performance Estimates
================================================================
+ Timing (ns): 
    * Summary: 
    +--------+-------+----------+------------+
    |  Clock | Target| Estimated| Uncertainty|
    +--------+-------+----------+------------+
    |ap_clk  |   5.60|      4.37|        0.70|
    +--------+-------+----------+------------+

+ Latency (clock cycles): 
    * Summary: 
    +---------+---------+---------+---------+---------+
    |      Latency      |      Interval     | Pipeline|
    |   min   |   max   |   min   |   max   |   Type  |
    +---------+---------+---------+---------+---------+
    |  2067610|  2067610|  2067610|  2067610|   none  |
    +---------+---------+---------+---------+---------+

    + Detail: 
        * Instance: 
        N/A

        * Loop: 
        +----------+---------+---------+----------+-----------+-----------+---------+----------+
        |          |      Latency      | Iteration|  Initiation Interval  |   Trip  |          |
        | Loop Name|   min   |   max   |  Latency |  achieved |   target  |  Count  | Pipelined|
        +----------+---------+---------+----------+-----------+-----------+---------+----------+
        |- Loop 1  |  2067608|  2067608|         6|          1|          1|  2067604|    yes   |
        +----------+---------+---------+----------+-----------+-----------+---------+----------+



================================================================
== Utilization Estimates
================================================================
* Summary: 
+-----------------+---------+-------+--------+-------+
|       Name      | BRAM_18K| DSP48E|   FF   |  LUT  |
+-----------------+---------+-------+--------+-------+
|DSP              |        -|      -|       -|      -|
|Expression       |        -|      -|     270|    317|
|FIFO             |        -|      -|       -|      -|
|Instance         |        -|      -|       -|      -|
|Memory           |        -|      -|       -|      -|
|Multiplexer      |        -|      -|       -|     75|
|Register         |        -|      -|     663|     32|
+-----------------+---------+-------+--------+-------+
|Total            |        0|      0|     933|    424|
+-----------------+---------+-------+--------+-------+
|Available        |      280|    220|  106400|  53200|
+-----------------+---------+-------+--------+-------+
|Utilization (%)  |        0|      0|   ~0   |   ~0  |
+-----------------+---------+-------+--------+-------+

+ Detail: 
    * Instance: 
    N/A

    * DSP48: 
    N/A

    * Memory: 
    N/A

    * FIFO: 
    N/A

    * Expression: 
    +----------------------------------+----------+-------+-----+----+------------+------------+
    |           Variable Name          | Operation| DSP48E|  FF | LUT| Bitwidth P0| Bitwidth P1|
    +----------------------------------+----------+-------+-----+----+------------+------------+
    |indvar_flatten_next_fu_122_p2     |     +    |      0|   68|  26|          21|           1|
    |p_433_fu_282_p2                   |     +    |      0|    0|  32|          32|          32|
    |tmp1_fu_240_p2                    |     +    |      0|  101|  37|          32|          32|
    |tmp2_fu_268_p2                    |     +    |      0|    0|  32|          32|          32|
    |tmp3_fu_278_p2                    |     +    |      0|    0|  32|          32|          32|
    |tmp4_fu_245_p2                    |     +    |      0|  101|  37|          32|          32|
    |tmp5_fu_256_p2                    |     +    |      0|    0|  32|          32|          32|
    |tmp6_fu_251_p2                    |     +    |      0|    0|  32|          32|          32|
    |tmp_fu_273_p2                     |     +    |      0|    0|  32|          32|          32|
    |ap_block_state3_pp0_stage0_iter1  |    and   |      0|    0|   2|           1|           1|
    |ap_block_state7_pp0_stage0_iter5  |    and   |      0|    0|   2|           1|           1|
    |exitcond_flatten_fu_116_p2        |   icmp   |      0|    0|  13|          21|          16|
    |ap_block_pp0_stage0_flag00001001  |    or    |      0|    0|   2|           1|           1|
    |ap_block_state1                   |    or    |      0|    0|   2|           1|           1|
    |ap_enable_pp0                     |    xor   |      0|    0|   2|           1|           2|
    |ap_enable_reg_pp0_iter1           |    xor   |      0|    0|   2|           1|           2|
    +----------------------------------+----------+-------+-----+----+------------+------------+
    |Total                             |          |      0|  270| 317|         304|         281|
    +----------------------------------+----------+-------+-----+----+------------+------------+

    * Multiplexer: 
    +--------------------------------------------------+----+-----------+-----+-----------+
    |                       Name                       | LUT| Input Size| Bits| Total Bits|
    +--------------------------------------------------+----+-----------+-----+-----------+
    |ap_NS_fsm                                         |  21|          4|    1|          4|
    |ap_done                                           |   9|          2|    1|          2|
    |ap_enable_reg_pp0_iter1                           |   9|          2|    1|          2|
    |ap_enable_reg_pp0_iter5                           |   9|          2|    1|          2|
    |indvar_flatten_reg_105                            |   9|          2|   21|         42|
    |p_hw_input_stencil_stream_to_mul_V_value_V_blk_n  |   9|          2|    1|          2|
    |p_mul_stencil_stream_V_value_V_blk_n              |   9|          2|    1|          2|
    +--------------------------------------------------+----+-----------+-----+-----------+
    |Total                                             |  75|         16|   27|         56|
    +--------------------------------------------------+----+-----------+-----+-----------+

    * Register: 
    +--------------------------------+----+----+-----+-----------+
    |              Name              | FF | LUT| Bits| Const Bits|
    +--------------------------------+----+----+-----+-----------+
    |ap_CS_fsm                       |   3|   0|    3|          0|
    |ap_done_reg                     |   1|   0|    1|          0|
    |ap_enable_reg_pp0_iter0         |   1|   0|    1|          0|
    |ap_enable_reg_pp0_iter1         |   1|   0|    1|          0|
    |ap_enable_reg_pp0_iter2         |   1|   0|    1|          0|
    |ap_enable_reg_pp0_iter3         |   1|   0|    1|          0|
    |ap_enable_reg_pp0_iter4         |   1|   0|    1|          0|
    |ap_enable_reg_pp0_iter5         |   1|   0|    1|          0|
    |ap_reg_pp0_iter2_p_393_reg_301  |  32|   0|   32|          0|
    |ap_reg_pp0_iter2_tmp_8_reg_321  |  31|   0|   31|          0|
    |ap_reg_pp0_iter3_tmp4_reg_346   |  31|   0|   32|          1|
    |ap_reg_pp0_iter3_tmp5_reg_351   |  32|   0|   32|          0|
    |exitcond_flatten_reg_287        |   1|   0|    1|          0|
    |indvar_flatten_reg_105          |  21|   0|   21|          0|
    |p_381_reg_296                   |  32|   0|   32|          0|
    |p_393_reg_301                   |  32|   0|   32|          0|
    |p_417_reg_306                   |  32|   0|   32|          0|
    |p_429_reg_311                   |  32|   0|   32|          0|
    |p_433_reg_361                   |  32|   0|   32|          0|
    |tmp1_reg_341                    |  32|   0|   32|          0|
    |tmp4_reg_346                    |  31|   0|   32|          1|
    |tmp5_reg_351                    |  32|   0|   32|          0|
    |tmp_3_reg_336                   |  31|   0|   31|          0|
    |tmp_7_reg_316                   |  31|   0|   31|          0|
    |tmp_8_reg_321                   |  31|   0|   31|          0|
    |tmp_9_reg_326                   |  30|   0|   30|          0|
    |tmp_reg_356                     |  32|   0|   32|          0|
    |tmp_s_reg_331                   |  31|   0|   31|          0|
    |exitcond_flatten_reg_287        |  64|  32|    1|          0|
    +--------------------------------+----+----+-----+-----------+
    |Total                           | 663|  32|  602|          2|
    +--------------------------------+----+----+-----+-----------+



================================================================
== Interface
================================================================
* Summary: 
+----------------------------------------------------+-----+-----+------------+--------------------------------------------+--------------+
|                      RTL Ports                     | Dir | Bits|  Protocol  |                Source Object               |    C Type    |
+----------------------------------------------------+-----+-----+------------+--------------------------------------------+--------------+
|ap_clk                                              |  in |    1| ap_ctrl_hs |                 Loop_3_proc                | return value |
|ap_rst                                              |  in |    1| ap_ctrl_hs |                 Loop_3_proc                | return value |
|ap_start                                            |  in |    1| ap_ctrl_hs |                 Loop_3_proc                | return value |
|ap_done                                             | out |    1| ap_ctrl_hs |                 Loop_3_proc                | return value |
|ap_continue                                         |  in |    1| ap_ctrl_hs |                 Loop_3_proc                | return value |
|ap_idle                                             | out |    1| ap_ctrl_hs |                 Loop_3_proc                | return value |
|ap_ready                                            | out |    1| ap_ctrl_hs |                 Loop_3_proc                | return value |
|p_hw_input_stencil_stream_to_mul_V_value_V_dout     |  in |  288|   ap_fifo  | p_hw_input_stencil_stream_to_mul_V_value_V |    pointer   |
|p_hw_input_stencil_stream_to_mul_V_value_V_empty_n  |  in |    1|   ap_fifo  | p_hw_input_stencil_stream_to_mul_V_value_V |    pointer   |
|p_hw_input_stencil_stream_to_mul_V_value_V_read     | out |    1|   ap_fifo  | p_hw_input_stencil_stream_to_mul_V_value_V |    pointer   |
|p_mul_stencil_stream_V_value_V_din                  | out |   32|   ap_fifo  |       p_mul_stencil_stream_V_value_V       |    pointer   |
|p_mul_stencil_stream_V_value_V_full_n               |  in |    1|   ap_fifo  |       p_mul_stencil_stream_V_value_V       |    pointer   |
|p_mul_stencil_stream_V_value_V_write                | out |    1|   ap_fifo  |       p_mul_stencil_stream_V_value_V       |    pointer   |
+----------------------------------------------------+-----+-----+------------+--------------------------------------------+--------------+

