

================================================================
== Vivado HLS Report for 'Loop_4_proc'
================================================================
* Date:           Tue Mar 17 19:52:48 2020

* Version:        2017.2 (Build 1909853 on Thu Jun 15 18:55:24 MDT 2017)
* Project:        sharpen
* Solution:       hls_target
* Product family: zynq
* Target device:  xc7z020clg484-1


================================================================
== Performance Estimates
================================================================
+ Timing (ns): 
    * Summary: 
    +--------+-------+----------+------------+
    |  Clock | Target| Estimated| Uncertainty|
    +--------+-------+----------+------------+
    |ap_clk  |   5.60|      7.33|        0.70|
    +--------+-------+----------+------------+

+ Latency (clock cycles): 
    * Summary: 
    +---------+---------+---------+---------+---------+
    |      Latency      |      Interval     | Pipeline|
    |   min   |   max   |   min   |   max   |   Type  |
    +---------+---------+---------+---------+---------+
    |  2067609|  2067609|  2067609|  2067609|   none  |
    +---------+---------+---------+---------+---------+

    + Detail: 
        * Instance: 
        N/A

        * Loop: 
        +----------+---------+---------+----------+-----------+-----------+---------+----------+
        |          |      Latency      | Iteration|  Initiation Interval  |   Trip  |          |
        | Loop Name|   min   |   max   |  Latency |  achieved |   target  |  Count  | Pipelined|
        +----------+---------+---------+----------+-----------+-----------+---------+----------+
        |- Loop 1  |  2067607|  2067607|         5|          1|          1|  2067604|    yes   |
        +----------+---------+---------+----------+-----------+-----------+---------+----------+

============================================================
+ Verbose Summary: Synthesis Manager
============================================================
InlineROM: 1
ExposeGlobal: 0
============================================================
+ Verbose Summary: CDFG Model
============================================================
IsTopModel: 0
ResetActiveHigh: 1
IsCombinational: 2
IsDatapathOnly: 0
HasWiredReturn: 1
HasMFsm: 0
HasVarLatency: 1
IsPipeline: 0
IsRtlPipelined: 0
IsInstanceOverlapped: 0
IsDontTouch: 0
HasImplIP: 0
IsGatedGlobalClock: 0

+ Individual pipeline summary: 
  * Pipeline-0: initiation interval (II) = 1, depth = 5


============================================================
+ Verbose Summary: Schedule
============================================================
* Number of FSM states: 7
* Pipeline: 1
  Pipeline-0: II = 1, D = 5, States = { 2 3 4 5 6 }
* Dataflow Pipeline: 0

* FSM state transitions: 
1 --> 
	2  / true
2 --> 
	7  / (exitcond_flatten)
	3  / (!exitcond_flatten)
3 --> 
	4  / true
4 --> 
	5  / true
5 --> 
	6  / true
6 --> 
	2  / true
7 --> 
* FSM state operations: 

 <State 1>: 1.59ns
ST_1: StgValue_8 (5)  [1/1] 0.00ns
newFuncRoot:0  call void (...)* @_ssdm_op_SpecMemCore(i32* %p_mul_stencil_stream_V_value_V, [1 x i8]* @p_str, [9 x i8]* @p_str2, [1 x i8]* @p_str, i32 -1, [1 x i8]* @p_str, [1 x i8]* @p_str, [1 x i8]* @p_str, [1 x i8]* @p_str, [1 x i8]* @p_str)

ST_1: StgValue_9 (6)  [1/1] 0.00ns
newFuncRoot:1  call void (...)* @_ssdm_op_SpecMemCore(i32* %p_delayed_input_stencil_stream_V_value_V, [1 x i8]* @p_str, [9 x i8]* @p_str2, [1 x i8]* @p_str, i32 -1, [1 x i8]* @p_str, [1 x i8]* @p_str, [1 x i8]* @p_str, [1 x i8]* @p_str, [1 x i8]* @p_str)

ST_1: StgValue_10 (7)  [1/1] 0.00ns
newFuncRoot:2  call void (...)* @_ssdm_op_SpecInterface(i32* %p_mul_stencil_stream_V_value_V, [8 x i8]* @ap_fifo_str, i32 0, i32 0, [1 x i8]* @p_str, i32 0, i32 0, [1 x i8]* @p_str, [1 x i8]* @p_str, [1 x i8]* @p_str, i32 2, i32 2, i32 16, i32 16, [1 x i8]* @p_str, [1 x i8]* @p_str)

ST_1: StgValue_11 (8)  [1/1] 0.00ns
newFuncRoot:3  call void (...)* @_ssdm_op_SpecInterface(i32* %p_delayed_input_stencil_stream_V_value_V, [8 x i8]* @ap_fifo_str, i32 0, i32 0, [1 x i8]* @p_str, i32 0, i32 0, [1 x i8]* @p_str, [1 x i8]* @p_str, [1 x i8]* @p_str, i32 2, i32 2, i32 16, i32 16, [1 x i8]* @p_str, [1 x i8]* @p_str)

ST_1: StgValue_12 (9)  [1/1] 1.59ns
newFuncRoot:4  br label %.preheader


 <State 2>: 7.33ns
ST_2: indvar_flatten (11)  [1/1] 0.00ns
.preheader:0  %indvar_flatten = phi i21 [ 0, %newFuncRoot ], [ %indvar_flatten_next, %.preheader56 ]

ST_2: p_hw_output_y_scan_1 (12)  [1/1] 0.00ns  loc: hls_target.cpp:265
.preheader:1  %p_hw_output_y_scan_1 = phi i11 [ 0, %newFuncRoot ], [ %p_hw_output_y_scan_s, %.preheader56 ]

ST_2: p_hw_output_x_scan_2 (13)  [1/1] 0.00ns
.preheader:2  %p_hw_output_x_scan_2 = phi i11 [ 0, %newFuncRoot ], [ %p_hw_output_x_scan_1, %.preheader56 ]

ST_2: exitcond_flatten (14)  [1/1] 3.15ns
.preheader:3  %exitcond_flatten = icmp eq i21 %indvar_flatten, -29548

ST_2: indvar_flatten_next (15)  [1/1] 2.59ns
.preheader:4  %indvar_flatten_next = add i21 %indvar_flatten, 1

ST_2: StgValue_18 (16)  [1/1] 0.00ns
.preheader:5  br i1 %exitcond_flatten, label %.exitStub, label %.preheader56

ST_2: exitcond7 (19)  [1/1] 2.94ns  loc: hls_target.cpp:265
.preheader56:1  %exitcond7 = icmp eq i11 %p_hw_output_x_scan_2, -130

ST_2: p_hw_output_x_scan_s (20)  [1/1] 2.07ns  loc: hls_target.cpp:265
.preheader56:2  %p_hw_output_x_scan_s = select i1 %exitcond7, i11 0, i11 %p_hw_output_x_scan_2

ST_2: p_hw_output_x_scan_1 (49)  [1/1] 2.33ns  loc: hls_target.cpp:265
.preheader56:31  %p_hw_output_x_scan_1 = add i11 %p_hw_output_x_scan_s, 1


 <State 3>: 4.40ns
ST_3: p_hw_output_y_scan_2 (21)  [1/1] 2.33ns  loc: hls_target.cpp:263
.preheader56:3  %p_hw_output_y_scan_2 = add i11 %p_hw_output_y_scan_1, 1

ST_3: tmp_1 (23)  [1/1] 2.94ns  loc: hls_target.cpp:298
.preheader56:5  %tmp_1 = icmp eq i11 %p_hw_output_y_scan_1, -971

ST_3: p_hw_output_y_scan_s (25)  [1/1] 2.07ns  loc: hls_target.cpp:265
.preheader56:7  %p_hw_output_y_scan_s = select i1 %exitcond7, i11 %p_hw_output_y_scan_2, i11 %p_hw_output_y_scan_1

ST_3: tmp_value_V_4 (28)  [1/1] 2.45ns  loc: hls_target.cpp:271
.preheader56:10  %tmp_value_V_4 = call i32 @_ssdm_op_Read.ap_fifo.volatile.i32P(i32* %p_mul_stencil_stream_V_value_V)

ST_3: tmp_value_V_5 (29)  [1/1] 2.45ns  loc: hls_target.cpp:276
.preheader56:11  %tmp_value_V_5 = call i32 @_ssdm_op_Read.ap_fifo.volatile.i32P(i32* %p_delayed_input_stencil_stream_V_value_V)

ST_3: p_s (30)  [1/1] 0.00ns  loc: hls_target.cpp:285
.preheader56:12  %p_s = call i28 @_ssdm_op_PartSelect.i28.i32.i32.i32(i32 %tmp_value_V_4, i32 4, i32 31)

ST_3: tmp_s (45)  [1/1] 2.94ns  loc: hls_target.cpp:298
.preheader56:27  %tmp_s = icmp eq i11 %p_hw_output_x_scan_s, -131


 <State 4>: 2.94ns
ST_4: tmp_3_mid1 (22)  [1/1] 2.94ns  loc: hls_target.cpp:298
.preheader56:4  %tmp_3_mid1 = icmp eq i11 %p_hw_output_y_scan_2, -971

ST_4: p_438 (31)  [1/1] 0.00ns  loc: hls_target.cpp:285
.preheader56:13  %p_438 = zext i28 %p_s to i32

ST_4: p_443 (32)  [1/1] 2.90ns  loc: hls_target.cpp:290
.preheader56:14  %p_443 = sub i32 %p_438, %tmp_value_V_5

ST_4: p_439 (33)  [1/1] 2.90ns  loc: hls_target.cpp:286
.preheader56:15  %p_439 = sub i32 %tmp_value_V_5, %p_438

ST_4: tmp_11 (34)  [1/1] 0.00ns  loc: hls_target.cpp:289
.preheader56:16  %tmp_11 = call i28 @_ssdm_op_PartSelect.i28.i32.i32.i32(i32 %p_439, i32 4, i32 31)

ST_4: tmp_12 (36)  [1/1] 0.00ns  loc: hls_target.cpp:291
.preheader56:18  %tmp_12 = call i28 @_ssdm_op_PartSelect.i28.i32.i32.i32(i32 %p_443, i32 4, i32 31)


 <State 5>: 3.26ns
ST_5: tmp_3_mid2 (24)  [1/1] 0.00ns  loc: hls_target.cpp:298 (grouped into LUT with out node tmp_last_V)
.preheader56:6  %tmp_3_mid2 = select i1 %exitcond7, i1 %tmp_3_mid1, i1 %tmp_1

ST_5: p_442 (35)  [1/1] 3.26ns  loc: hls_target.cpp:289
.preheader56:17  %p_442 = icmp ne i28 %tmp_11, 0

ST_5: p_444 (37)  [1/1] 3.26ns  loc: hls_target.cpp:291
.preheader56:19  %p_444 = icmp ne i28 %tmp_12, 0

ST_5: tmp_last_V (46)  [1/1] 2.07ns  loc: hls_target.cpp:298 (out node of the LUT)
.preheader56:28  %tmp_last_V = and i1 %tmp_s, %tmp_3_mid2


 <State 6>: 2.90ns
ST_6: empty (18)  [1/1] 0.00ns
.preheader56:0  %empty = call i32 (...)* @_ssdm_op_SpecLoopTripCount(i64 2067604, i64 2067604, i64 2067604)

ST_6: tmp_4 (26)  [1/1] 0.00ns  loc: hls_target.cpp:266
.preheader56:8  %tmp_4 = call i32 (...)* @_ssdm_op_SpecRegionBegin([12 x i8]* @p_str7)

ST_6: StgValue_41 (27)  [1/1] 0.00ns  loc: hls_target.cpp:267
.preheader56:9  call void (...)* @_ssdm_op_SpecPipeline(i32 1, i32 1, i32 1, i32 0, [1 x i8]* @p_str) nounwind

ST_6: tmp (38)  [1/1] 0.00ns  loc: hls_target.cpp:294 (grouped into LUT with out node p_448)
.preheader56:20  %tmp = call i30 @_ssdm_op_PartSelect.i30.i32.i32.i32(i32 %p_439, i32 2, i32 31)

ST_6: tmp_13 (39)  [1/1] 0.00ns  loc: hls_target.cpp:293 (grouped into LUT with out node p_448)
.preheader56:21  %tmp_13 = call i2 @_ssdm_op_PartSelect.i2.i32.i32.i32(i32 %p_439, i32 2, i32 3)

ST_6: tmp_14 (40)  [1/1] 0.00ns  loc: hls_target.cpp:292 (grouped into LUT with out node p_448)
.preheader56:22  %tmp_14 = select i1 %p_444, i2 %tmp_13, i2 0

ST_6: tmp_5_cast (41)  [1/1] 0.00ns  loc: hls_target.cpp:293 (grouped into LUT with out node p_448)
.preheader56:23  %tmp_5_cast = zext i2 %tmp_14 to i30

ST_6: p_447 (42)  [1/1] 0.00ns  loc: hls_target.cpp:293 (grouped into LUT with out node p_448)
.preheader56:24  %p_447 = select i1 %p_442, i30 %tmp, i30 %tmp_5_cast

ST_6: p_447_cast (43)  [1/1] 0.00ns  loc: hls_target.cpp:293 (grouped into LUT with out node p_448)
.preheader56:25  %p_447_cast = zext i30 %p_447 to i32

ST_6: p_448 (44)  [1/1] 2.90ns  loc: hls_target.cpp:295 (out node of the LUT)
.preheader56:26  %p_448 = add i32 %p_447_cast, %tmp_value_V_5

ST_6: StgValue_49 (47)  [1/1] 0.00ns  loc: hls_target.cpp:303
.preheader56:29  call void @_ssdm_op_Write.ap_auto.volatile.i32P.i1P(i32* %hw_output_V_value_V, i1* %hw_output_V_last_V, i32 %p_448, i1 %tmp_last_V)

ST_6: empty_82 (48)  [1/1] 0.00ns  loc: hls_target.cpp:305
.preheader56:30  %empty_82 = call i32 (...)* @_ssdm_op_SpecRegionEnd([12 x i8]* @p_str7, i32 %tmp_4)

ST_6: StgValue_51 (50)  [1/1] 0.00ns  loc: hls_target.cpp:265
.preheader56:32  br label %.preheader


 <State 7>: 0.00ns
ST_7: StgValue_52 (52)  [1/1] 0.00ns
.exitStub:0  ret void



============================================================
+ Verbose Summary: Timing violations
============================================================
Target clock period: 5.6ns, clock uncertainty: 0.7ns.

 <State 1>: 1.59ns
The critical path consists of the following:
	multiplexor before 'phi' operation ('indvar_flatten') with incoming values : ('indvar_flatten_next') [11]  (1.59 ns)

 <State 2>: 7.33ns
The critical path consists of the following:
	'phi' operation ('_hw_output_x___scan_dim_0') with incoming values : ('_hw_output_x___scan_dim_0', hls_target.cpp:265) [13]  (0 ns)
	'icmp' operation ('exitcond7', hls_target.cpp:265) [19]  (2.94 ns)
	'select' operation ('p_hw_output_x_scan_s', hls_target.cpp:265) [20]  (2.07 ns)
	'add' operation ('_hw_output_x___scan_dim_0', hls_target.cpp:265) [49]  (2.33 ns)

 <State 3>: 4.4ns
The critical path consists of the following:
	'add' operation ('p_hw_output_y_scan_2', hls_target.cpp:263) [21]  (2.33 ns)
	'select' operation ('p_hw_output_y_scan_s', hls_target.cpp:265) [25]  (2.07 ns)

 <State 4>: 2.94ns
The critical path consists of the following:
	'icmp' operation ('tmp_3_mid1', hls_target.cpp:298) [22]  (2.94 ns)

 <State 5>: 3.26ns
The critical path consists of the following:
	'icmp' operation ('_442', hls_target.cpp:289) [35]  (3.26 ns)

 <State 6>: 2.9ns
The critical path consists of the following:
	'select' operation ('_447', hls_target.cpp:293) [42]  (0 ns)
	'add' operation ('_448', hls_target.cpp:295) [44]  (2.9 ns)

 <State 7>: 0ns
The critical path consists of the following:


============================================================
+ Verbose Summary: Binding
============================================================
N/A
* FSMD analyzer results:
  - Output states:
 - Input state : 
  - Chain level:
	State 1
	State 2
	State 3
	State 4
	State 5
	State 6
	State 7


============================================================
+ Verbose Summary: Datapath Resource usage 
============================================================
N/A
