

================================================================
== Vivado HLS Report for 'Loop_1_proc'
================================================================
* Date:           Tue Mar 17 19:40:36 2020

* Version:        2017.2 (Build 1909853 on Thu Jun 15 18:55:24 MDT 2017)
* Project:        sharpen
* Solution:       hls_target
* Product family: zynq
* Target device:  xc7z020clg484-1


================================================================
== Performance Estimates
================================================================
+ Timing (ns): 
    * Summary: 
    +--------+-------+----------+------------+
    |  Clock | Target| Estimated| Uncertainty|
    +--------+-------+----------+------------+
    |ap_clk  |   5.60|      4.90|        0.70|
    +--------+-------+----------+------------+

+ Latency (clock cycles): 
    * Summary: 
    +---------+---------+---------+---------+---------+
    |      Latency      |      Interval     | Pipeline|
    |   min   |   max   |   min   |   max   |   Type  |
    +---------+---------+---------+---------+---------+
    |  2067606|  2067606|  2067606|  2067606|   none  |
    +---------+---------+---------+---------+---------+

    + Detail: 
        * Instance: 
        N/A

        * Loop: 
        +----------+---------+---------+----------+-----------+-----------+---------+----------+
        |          |      Latency      | Iteration|  Initiation Interval  |   Trip  |          |
        | Loop Name|   min   |   max   |  Latency |  achieved |   target  |  Count  | Pipelined|
        +----------+---------+---------+----------+-----------+-----------+---------+----------+
        |- Loop 1  |  2067604|  2067604|         2|          1|          1|  2067604|    yes   |
        +----------+---------+---------+----------+-----------+-----------+---------+----------+

============================================================
+ Verbose Summary: Synthesis Manager
============================================================
InlineROM: 1
ExposeGlobal: 0
============================================================
+ Verbose Summary: CDFG Model
============================================================
IsTopModel: 0
ResetActiveHigh: 1
IsCombinational: 2
IsDatapathOnly: 0
HasWiredReturn: 1
HasMFsm: 0
HasVarLatency: 1
IsPipeline: 0
IsRtlPipelined: 0
IsInstanceOverlapped: 0
IsDontTouch: 0
HasImplIP: 0
IsGatedGlobalClock: 0

+ Individual pipeline summary: 
  * Pipeline-0: initiation interval (II) = 1, depth = 2


============================================================
+ Verbose Summary: Schedule
============================================================
* Number of FSM states: 4
* Pipeline: 1
  Pipeline-0: II = 1, D = 2, States = { 2 3 }
* Dataflow Pipeline: 0

* FSM state transitions: 
1 --> 
	2  / true
2 --> 
	4  / (exitcond_flatten)
	3  / (!exitcond_flatten)
3 --> 
	2  / true
4 --> 
* FSM state operations: 

 <State 1>: 1.59ns
ST_1: StgValue_5 (4)  [1/1] 0.00ns
newFuncRoot:0  call void (...)* @_ssdm_op_SpecMemCore(i72* %p_hw_input_stencil_stream_to_mul_V_value_V, [1 x i8]* @p_str, [9 x i8]* @p_str2, [1 x i8]* @p_str, i32 -1, [1 x i8]* @p_str, [1 x i8]* @p_str, [1 x i8]* @p_str, [1 x i8]* @p_str, [1 x i8]* @p_str)

ST_1: StgValue_6 (5)  [1/1] 0.00ns
newFuncRoot:1  call void (...)* @_ssdm_op_SpecMemCore(i72* %p_hw_input_stencil_stream_to_delayed_input_V_value_V, [1 x i8]* @p_str, [9 x i8]* @p_str2, [1 x i8]* @p_str, i32 -1, [1 x i8]* @p_str, [1 x i8]* @p_str, [1 x i8]* @p_str, [1 x i8]* @p_str, [1 x i8]* @p_str)

ST_1: StgValue_7 (6)  [1/1] 0.00ns
newFuncRoot:2  call void (...)* @_ssdm_op_SpecMemCore(i72* %p_hw_input_stencil_stream_V_value_V, [1 x i8]* @p_str, [9 x i8]* @p_str2, [1 x i8]* @p_str, i32 -1, [1 x i8]* @p_str, [1 x i8]* @p_str, [1 x i8]* @p_str, [1 x i8]* @p_str, [1 x i8]* @p_str)

ST_1: StgValue_8 (7)  [1/1] 0.00ns
newFuncRoot:3  call void (...)* @_ssdm_op_SpecInterface(i72* %p_hw_input_stencil_stream_to_mul_V_value_V, [8 x i8]* @ap_fifo_str, i32 0, i32 0, [1 x i8]* @p_str, i32 0, i32 0, [1 x i8]* @p_str, [1 x i8]* @p_str, [1 x i8]* @p_str, i32 2, i32 2, i32 16, i32 16, [1 x i8]* @p_str, [1 x i8]* @p_str)

ST_1: StgValue_9 (8)  [1/1] 0.00ns
newFuncRoot:4  call void (...)* @_ssdm_op_SpecInterface(i72* %p_hw_input_stencil_stream_to_delayed_input_V_value_V, [8 x i8]* @ap_fifo_str, i32 0, i32 0, [1 x i8]* @p_str, i32 0, i32 0, [1 x i8]* @p_str, [1 x i8]* @p_str, [1 x i8]* @p_str, i32 2, i32 2, i32 16, i32 16, [1 x i8]* @p_str, [1 x i8]* @p_str)

ST_1: StgValue_10 (9)  [1/1] 0.00ns
newFuncRoot:5  call void (...)* @_ssdm_op_SpecInterface(i72* %p_hw_input_stencil_stream_V_value_V, [8 x i8]* @ap_fifo_str, i32 0, i32 0, [1 x i8]* @p_str, i32 0, i32 0, [1 x i8]* @p_str, [1 x i8]* @p_str, [1 x i8]* @p_str, i32 2, i32 2, i32 16, i32 16, [1 x i8]* @p_str, [1 x i8]* @p_str)

ST_1: StgValue_11 (10)  [1/1] 1.59ns  loc: hls_target.cpp:67
newFuncRoot:6  br label %.preheader59


 <State 2>: 3.15ns
ST_2: indvar_flatten (12)  [1/1] 0.00ns
.preheader59:0  %indvar_flatten = phi i21 [ 0, %newFuncRoot ], [ %indvar_flatten_next, %.preheader59.preheader ]

ST_2: exitcond_flatten (13)  [1/1] 3.15ns
.preheader59:1  %exitcond_flatten = icmp eq i21 %indvar_flatten, -29548

ST_2: indvar_flatten_next (14)  [1/1] 2.59ns
.preheader59:2  %indvar_flatten_next = add i21 %indvar_flatten, 1

ST_2: StgValue_15 (15)  [1/1] 0.00ns
.preheader59:3  br i1 %exitcond_flatten, label %.exitStub, label %.preheader59.preheader


 <State 3>: 4.90ns
ST_3: empty (17)  [1/1] 0.00ns
.preheader59.preheader:0  %empty = call i32 (...)* @_ssdm_op_SpecLoopTripCount(i64 2067604, i64 2067604, i64 2067604)

ST_3: tmp (18)  [1/1] 0.00ns  loc: hls_target.cpp:69
.preheader59.preheader:1  %tmp = call i32 (...)* @_ssdm_op_SpecRegionBegin([12 x i8]* @p_str3)

ST_3: StgValue_18 (19)  [1/1] 0.00ns  loc: hls_target.cpp:70
.preheader59.preheader:2  call void (...)* @_ssdm_op_SpecPipeline(i32 -1, i32 1, i32 1, i32 0, [1 x i8]* @p_str) nounwind

ST_3: tmp_value_V (20)  [1/1] 2.45ns  loc: hls_target.cpp:71
.preheader59.preheader:3  %tmp_value_V = call i72 @_ssdm_op_Read.ap_fifo.volatile.i72P(i72* %p_hw_input_stencil_stream_V_value_V)

ST_3: StgValue_20 (21)  [1/1] 2.45ns  loc: hls_target.cpp:74
.preheader59.preheader:4  call void @_ssdm_op_Write.ap_fifo.volatile.i72P(i72* %p_hw_input_stencil_stream_to_delayed_input_V_value_V, i72 %tmp_value_V)

ST_3: StgValue_21 (22)  [1/1] 2.45ns  loc: hls_target.cpp:78
.preheader59.preheader:5  call void @_ssdm_op_Write.ap_fifo.volatile.i72P(i72* %p_hw_input_stencil_stream_to_mul_V_value_V, i72 %tmp_value_V)

ST_3: empty_89 (23)  [1/1] 0.00ns  loc: hls_target.cpp:80
.preheader59.preheader:6  %empty_89 = call i32 (...)* @_ssdm_op_SpecRegionEnd([12 x i8]* @p_str3, i32 %tmp)

ST_3: StgValue_23 (24)  [1/1] 0.00ns  loc: hls_target.cpp:68
.preheader59.preheader:7  br label %.preheader59


 <State 4>: 0.00ns
ST_4: StgValue_24 (26)  [1/1] 0.00ns
.exitStub:0  ret void



============================================================
+ Verbose Summary: Binding
============================================================
STG Binding: 
---------------- STG Properties BEGIN ----------------
- Is combinational: 0
- Is one-state seq: 0
- Is datapath-only: 0
- Is pipelined: 0
- Is top level: 0
Port [ Return ] is wired: 1; IO mode=ap_ctrl_hs:ce=0
Port [ p_hw_input_stencil_stream_V_value_V]:  wired=1; compound=1; hidden=0; nouse=0; global=0; static=0; extern=0; dir=0; type=3; pingpong=0; private_global=0; IO mode=ap_fifo:ce=0
Port [ p_hw_input_stencil_stream_to_delayed_input_V_value_V]:  wired=1; compound=1; hidden=0; nouse=0; global=0; static=0; extern=0; dir=1; type=3; pingpong=0; private_global=0; IO mode=ap_fifo:ce=0
Port [ p_hw_input_stencil_stream_to_mul_V_value_V]:  wired=1; compound=1; hidden=0; nouse=0; global=0; static=0; extern=0; dir=1; type=3; pingpong=0; private_global=0; IO mode=ap_fifo:ce=0
---------------- STG Properties END ------------------

---------------- Datapath Model BEGIN ----------------

<LifeTime>
<method=bitvector/>
StgValue_5          (specmemcore      ) [ 00000]
StgValue_6          (specmemcore      ) [ 00000]
StgValue_7          (specmemcore      ) [ 00000]
StgValue_8          (specinterface    ) [ 00000]
StgValue_9          (specinterface    ) [ 00000]
StgValue_10         (specinterface    ) [ 00000]
StgValue_11         (br               ) [ 01110]
indvar_flatten      (phi              ) [ 00100]
exitcond_flatten    (icmp             ) [ 00110]
indvar_flatten_next (add              ) [ 01110]
StgValue_15         (br               ) [ 00000]
empty               (speclooptripcount) [ 00000]
tmp                 (specregionbegin  ) [ 00000]
StgValue_18         (specpipeline     ) [ 00000]
tmp_value_V         (read             ) [ 00000]
StgValue_20         (write            ) [ 00000]
StgValue_21         (write            ) [ 00000]
empty_89            (specregionend    ) [ 00000]
StgValue_23         (br               ) [ 01110]
StgValue_24         (ret              ) [ 00000]
</LifeTime>

<model>

<comp_list>
<comp id="0" class="1000" name="p_hw_input_stencil_stream_V_value_V">
<pin_list>
<pin id="1" dir="1" index="0" bw="1" slack="0"/>
</pin_list>
<bind>
<StgValue><ssdm name="p_hw_input_stencil_stream_V_value_V"/></StgValue>
</bind>
</comp>

<comp id="2" class="1000" name="p_hw_input_stencil_stream_to_delayed_input_V_value_V">
<pin_list>
<pin id="3" dir="1" index="0" bw="1" slack="0"/>
</pin_list>
<bind>
<StgValue><ssdm name="p_hw_input_stencil_stream_to_delayed_input_V_value_V"/></StgValue>
</bind>
</comp>

<comp id="4" class="1000" name="p_hw_input_stencil_stream_to_mul_V_value_V">
<pin_list>
<pin id="5" dir="1" index="0" bw="1" slack="0"/>
</pin_list>
<bind>
<StgValue><ssdm name="p_hw_input_stencil_stream_to_mul_V_value_V"/></StgValue>
</bind>
</comp>

<comp id="6" class="1001" name="const_6">
<pin_list>
<pin id="7" dir="1" index="0" bw="1" slack="2147483647"/>
</pin_list>
<bind>
<StgValue><ssdm name="_ssdm_op_SpecMemCore"/></StgValue>
</bind>
</comp>

<comp id="8" class="1001" name="const_8">
<pin_list>
<pin id="9" dir="1" index="0" bw="1" slack="2147483647"/>
</pin_list>
<bind>
<StgValue><ssdm name="p_str"/></StgValue>
</bind>
</comp>

<comp id="10" class="1001" name="const_10">
<pin_list>
<pin id="11" dir="1" index="0" bw="1" slack="2147483647"/>
</pin_list>
<bind>
<StgValue><ssdm name="p_str2"/></StgValue>
</bind>
</comp>

<comp id="12" class="1001" name="const_12">
<pin_list>
<pin id="13" dir="1" index="0" bw="1" slack="2147483647"/>
</pin_list>
<bind>
<StgValue><ssdm name=""/></StgValue>
</bind>
</comp>

<comp id="14" class="1001" name="const_14">
<pin_list>
<pin id="15" dir="1" index="0" bw="1" slack="2147483647"/>
</pin_list>
<bind>
<StgValue><ssdm name="_ssdm_op_SpecInterface"/></StgValue>
</bind>
</comp>

<comp id="16" class="1001" name="const_16">
<pin_list>
<pin id="17" dir="1" index="0" bw="1" slack="2147483647"/>
</pin_list>
<bind>
<StgValue><ssdm name="ap_fifo_str"/></StgValue>
</bind>
</comp>

<comp id="18" class="1001" name="const_18">
<pin_list>
<pin id="19" dir="1" index="0" bw="1" slack="2147483647"/>
</pin_list>
<bind>
<StgValue><ssdm name=""/></StgValue>
</bind>
</comp>

<comp id="20" class="1001" name="const_20">
<pin_list>
<pin id="21" dir="1" index="0" bw="1" slack="2147483647"/>
</pin_list>
<bind>
<StgValue><ssdm name=""/></StgValue>
</bind>
</comp>

<comp id="22" class="1001" name="const_22">
<pin_list>
<pin id="23" dir="1" index="0" bw="1" slack="2147483647"/>
</pin_list>
<bind>
<StgValue><ssdm name=""/></StgValue>
</bind>
</comp>

<comp id="24" class="1001" name="const_24">
<pin_list>
<pin id="25" dir="1" index="0" bw="1" slack="1"/>
</pin_list>
<bind>
<StgValue><ssdm name=""/></StgValue>
</bind>
</comp>

<comp id="26" class="1001" name="const_26">
<pin_list>
<pin id="27" dir="1" index="0" bw="1" slack="0"/>
</pin_list>
<bind>
<StgValue><ssdm name=""/></StgValue>
</bind>
</comp>

<comp id="28" class="1001" name="const_28">
<pin_list>
<pin id="29" dir="1" index="0" bw="1" slack="0"/>
</pin_list>
<bind>
<StgValue><ssdm name=""/></StgValue>
</bind>
</comp>

<comp id="30" class="1001" name="const_30">
<pin_list>
<pin id="31" dir="1" index="0" bw="1" slack="2147483647"/>
</pin_list>
<bind>
<StgValue><ssdm name="_ssdm_op_SpecLoopTripCount"/></StgValue>
</bind>
</comp>

<comp id="32" class="1001" name="const_32">
<pin_list>
<pin id="33" dir="1" index="0" bw="1" slack="2147483647"/>
</pin_list>
<bind>
<StgValue><ssdm name=""/></StgValue>
</bind>
</comp>

<comp id="34" class="1001" name="const_34">
<pin_list>
<pin id="35" dir="1" index="0" bw="1" slack="2147483647"/>
</pin_list>
<bind>
<StgValue><ssdm name="_ssdm_op_SpecRegionBegin"/></StgValue>
</bind>
</comp>

<comp id="36" class="1001" name="const_36">
<pin_list>
<pin id="37" dir="1" index="0" bw="1" slack="2147483647"/>
</pin_list>
<bind>
<StgValue><ssdm name="p_str3"/></StgValue>
</bind>
</comp>

<comp id="38" class="1001" name="const_38">
<pin_list>
<pin id="39" dir="1" index="0" bw="1" slack="2147483647"/>
</pin_list>
<bind>
<StgValue><ssdm name="_ssdm_op_SpecPipeline"/></StgValue>
</bind>
</comp>

<comp id="40" class="1001" name="const_40">
<pin_list>
<pin id="41" dir="1" index="0" bw="1" slack="2147483647"/>
</pin_list>
<bind>
<StgValue><ssdm name=""/></StgValue>
</bind>
</comp>

<comp id="42" class="1001" name="const_42">
<pin_list>
<pin id="43" dir="1" index="0" bw="1" slack="0"/>
</pin_list>
<bind>
<StgValue><ssdm name="_ssdm_op_Read.ap_fifo.volatile.i72P"/></StgValue>
</bind>
</comp>

<comp id="44" class="1001" name="const_44">
<pin_list>
<pin id="45" dir="1" index="0" bw="1" slack="0"/>
</pin_list>
<bind>
<StgValue><ssdm name="_ssdm_op_Write.ap_fifo.volatile.i72P"/></StgValue>
</bind>
</comp>

<comp id="46" class="1001" name="const_46">
<pin_list>
<pin id="47" dir="1" index="0" bw="1" slack="2147483647"/>
</pin_list>
<bind>
<StgValue><ssdm name="_ssdm_op_SpecRegionEnd"/></StgValue>
</bind>
</comp>

<comp id="48" class="1004" name="tmp_value_V_read_fu_48">
<pin_list>
<pin id="49" dir="0" index="0" bw="72" slack="0"/>
<pin id="50" dir="0" index="1" bw="72" slack="0"/>
<pin id="51" dir="1" index="2" bw="72" slack="0"/>
</pin_list>
<bind>
<opcode="read(1150) " fcode="read"/>
<opset="tmp_value_V/3 "/>
</bind>
</comp>

<comp id="54" class="1004" name="StgValue_20_write_fu_54">
<pin_list>
<pin id="55" dir="0" index="0" bw="0" slack="0"/>
<pin id="56" dir="0" index="1" bw="72" slack="0"/>
<pin id="57" dir="0" index="2" bw="72" slack="0"/>
<pin id="58" dir="1" index="3" bw="0" slack="2147483647"/>
</pin_list>
<bind>
<opcode="write(1151) " fcode="write"/>
<opset="StgValue_20/3 "/>
</bind>
</comp>

<comp id="62" class="1004" name="StgValue_21_write_fu_62">
<pin_list>
<pin id="63" dir="0" index="0" bw="0" slack="0"/>
<pin id="64" dir="0" index="1" bw="72" slack="0"/>
<pin id="65" dir="0" index="2" bw="72" slack="0"/>
<pin id="66" dir="1" index="3" bw="0" slack="2147483647"/>
</pin_list>
<bind>
<opcode="write(1151) " fcode="write"/>
<opset="StgValue_21/3 "/>
</bind>
</comp>

<comp id="70" class="1005" name="indvar_flatten_reg_70">
<pin_list>
<pin id="71" dir="0" index="0" bw="21" slack="1"/>
<pin id="72" dir="1" index="1" bw="21" slack="1"/>
</pin_list>
<bind>
<opset="indvar_flatten (phireg) "/>
</bind>
</comp>

<comp id="74" class="1004" name="indvar_flatten_phi_fu_74">
<pin_list>
<pin id="75" dir="0" index="0" bw="1" slack="1"/>
<pin id="76" dir="0" index="1" bw="0" slack="2147483647"/>
<pin id="77" dir="0" index="2" bw="21" slack="0"/>
<pin id="78" dir="0" index="3" bw="0" slack="2147483647"/>
<pin id="79" dir="1" index="4" bw="21" slack="0"/>
</pin_list>
<bind>
<opcode="phi(47) " fcode="phi"/>
<opset="indvar_flatten/2 "/>
</bind>
</comp>

<comp id="81" class="1004" name="exitcond_flatten_fu_81">
<pin_list>
<pin id="82" dir="0" index="0" bw="21" slack="0"/>
<pin id="83" dir="0" index="1" bw="16" slack="0"/>
<pin id="84" dir="1" index="2" bw="1" slack="1"/>
</pin_list>
<bind>
<opcode="icmp(45) " fcode="icmp"/>
<opset="exitcond_flatten/2 "/>
</bind>
</comp>

<comp id="87" class="1004" name="indvar_flatten_next_fu_87">
<pin_list>
<pin id="88" dir="0" index="0" bw="21" slack="0"/>
<pin id="89" dir="0" index="1" bw="1" slack="0"/>
<pin id="90" dir="1" index="2" bw="21" slack="0"/>
</pin_list>
<bind>
<opcode="add(8) " fcode="add"/>
<opset="indvar_flatten_next/2 "/>
</bind>
</comp>

<comp id="93" class="1005" name="exitcond_flatten_reg_93">
<pin_list>
<pin id="94" dir="0" index="0" bw="1" slack="1"/>
<pin id="95" dir="1" index="1" bw="1" slack="2147483647"/>
</pin_list>
<bind>
<opset="exitcond_flatten "/>
</bind>
</comp>

<comp id="97" class="1005" name="indvar_flatten_next_reg_97">
<pin_list>
<pin id="98" dir="0" index="0" bw="21" slack="0"/>
<pin id="99" dir="1" index="1" bw="21" slack="0"/>
</pin_list>
<bind>
<opset="indvar_flatten_next "/>
</bind>
</comp>

</comp_list>

<net_list>
<net id="52"><net_src comp="42" pin="0"/><net_sink comp="48" pin=0"/></net>

<net id="53"><net_src comp="0" pin="0"/><net_sink comp="48" pin=1"/></net>

<net id="59"><net_src comp="44" pin="0"/><net_sink comp="54" pin=0"/></net>

<net id="60"><net_src comp="2" pin="0"/><net_sink comp="54" pin=1"/></net>

<net id="61"><net_src comp="48" pin="2"/><net_sink comp="54" pin=2"/></net>

<net id="67"><net_src comp="44" pin="0"/><net_sink comp="62" pin=0"/></net>

<net id="68"><net_src comp="4" pin="0"/><net_sink comp="62" pin=1"/></net>

<net id="69"><net_src comp="48" pin="2"/><net_sink comp="62" pin=2"/></net>

<net id="73"><net_src comp="24" pin="0"/><net_sink comp="70" pin=0"/></net>

<net id="80"><net_src comp="70" pin="1"/><net_sink comp="74" pin=0"/></net>

<net id="85"><net_src comp="74" pin="4"/><net_sink comp="81" pin=0"/></net>

<net id="86"><net_src comp="26" pin="0"/><net_sink comp="81" pin=1"/></net>

<net id="91"><net_src comp="74" pin="4"/><net_sink comp="87" pin=0"/></net>

<net id="92"><net_src comp="28" pin="0"/><net_sink comp="87" pin=1"/></net>

<net id="96"><net_src comp="81" pin="2"/><net_sink comp="93" pin=0"/></net>

<net id="100"><net_src comp="87" pin="2"/><net_sink comp="97" pin=0"/></net>

<net id="101"><net_src comp="97" pin="1"/><net_sink comp="74" pin=2"/></net>

</net_list>

</model> 
---------------- Datapath Model END ------------------

* FSMD analyzer results:
  - Output states:
	Port: p_hw_input_stencil_stream_to_delayed_input_V_value_V | {3 }
	Port: p_hw_input_stencil_stream_to_mul_V_value_V | {3 }
 - Input state : 
	Port: Loop_1_proc : p_hw_input_stencil_stream_V_value_V | {3 }
  - Chain level:
	State 1
	State 2
		exitcond_flatten : 1
		indvar_flatten_next : 1
		StgValue_15 : 2
	State 3
		empty_89 : 1
	State 4


============================================================
+ Verbose Summary: Datapath Resource usage 
============================================================

* Functional unit list:
|----------|---------------------------|---------|---------|
| Operation|      Functional Unit      |    FF   |   LUT   |
|----------|---------------------------|---------|---------|
|    add   | indvar_flatten_next_fu_87 |    68   |    26   |
|----------|---------------------------|---------|---------|
|   icmp   |   exitcond_flatten_fu_81  |    0    |    13   |
|----------|---------------------------|---------|---------|
|   read   |   tmp_value_V_read_fu_48  |    0    |    0    |
|----------|---------------------------|---------|---------|
|   write  |  StgValue_20_write_fu_54  |    0    |    0    |
|          |  StgValue_21_write_fu_62  |    0    |    0    |
|----------|---------------------------|---------|---------|
|   Total  |                           |    68   |    39   |
|----------|---------------------------|---------|---------|

Memories:
N/A

* Register list:
+--------------------------+--------+
|                          |   FF   |
+--------------------------+--------+
|  exitcond_flatten_reg_93 |    1   |
|indvar_flatten_next_reg_97|   21   |
|   indvar_flatten_reg_70  |   21   |
+--------------------------+--------+
|           Total          |   43   |
+--------------------------+--------+

* Multiplexer (MUX) list: 
|--------|------|------|------|--------|
|  Comp  |  Pin | Size |  BW  | S x BW |
|--------|------|------|------|--------|
|  Total |      |      |      |    0   |
|--------|------|------|------|--------|



* Summary:
+-----------+--------+--------+
|           |   FF   |   LUT  |
+-----------+--------+--------+
|  Function |   68   |   39   |
|   Memory  |    -   |    -   |
|Multiplexer|    -   |    -   |
|  Register |   43   |    -   |
+-----------+--------+--------+
|   Total   |   111  |   39   |
+-----------+--------+--------+
