

================================================================
== Vivado HLS Report for 'hls_target'
================================================================
* Date:           Sun Mar 15 19:01:26 2020

* Version:        2017.2 (Build 1909853 on Thu Jun 15 18:55:24 MDT 2017)
* Project:        conv2d_b2b
* Solution:       hls_target
* Product family: zynq
* Target device:  xc7z020clg484-1


================================================================
== Performance Estimates
================================================================
+ Timing (ns): 
    * Summary: 
    +--------+-------+----------+------------+
    |  Clock | Target| Estimated| Uncertainty|
    +--------+-------+----------+------------+
    |ap_clk  |   5.60|      7.94|        0.70|
    +--------+-------+----------+------------+

+ Latency (clock cycles): 
    * Summary: 
    +-----+-----+-----+-----+----------+
    |  Latency  |  Interval | Pipeline |
    | min | max | min | max |   Type   |
    +-----+-----+-----+-----+----------+
    |   33|   33|   34|   34| dataflow |
    +-----+-----+-----+-----+----------+

    + Detail: 
        * Instance: 
        N/A

        * Loop: 
        N/A

============================================================
+ Verbose Summary: Synthesis Manager
============================================================
InlineROM: 1
ExposeGlobal: 0
============================================================
+ Verbose Summary: CDFG Model
============================================================
IsTopModel: 1
ResetActiveHigh: 1
IsCombinational: 2
IsDatapathOnly: 0
HasWiredReturn: 1
HasMFsm: 0
HasVarLatency: 1
IsPipeline: 0
IsRtlPipelined: 0
IsInstanceOverlapped: 0
IsDontTouch: 0
HasImplIP: 0
IsGatedGlobalClock: 0


============================================================
+ Verbose Summary: Schedule
============================================================
* Number of FSM states: 8
* Pipeline: 0
* Dataflow Pipeline: 1
  DF-Pipeline-0: Size = 8, States = { 1 2 3 4 5 6 7 8 }

* FSM state transitions: 
1 --> 
	2  / true
2 --> 
	3  / true
3 --> 
	4  / true
4 --> 
	5  / true
5 --> 
	6  / true
6 --> 
	7  / true
7 --> 
	8  / true
8 --> 
* FSM state operations: 

 <State 1>: 0.00ns
ST_1: p_hw_input_stencil_st (11)  [1/1] 0.00ns  loc: hls_target.cpp:50
codeRepl:6  %p_hw_input_stencil_st = alloca i72, align 8

ST_1: p_mul_stencil_update_1 (15)  [1/1] 0.00ns
codeRepl:10  %p_mul_stencil_update_1 = alloca i32, align 4

ST_1: p_mul_stencil_stream_s (19)  [1/1] 0.00ns  loc: hls_target.cpp:164
codeRepl:14  %p_mul_stencil_stream_s = alloca i128, align 8

ST_1: StgValue_12 (26)  [2/2] 0.00ns  loc: hls_target.cpp:54
codeRepl:21  call fastcc void @linebuffer.1(i8* %hw_input_V_value_V, i1* %hw_input_V_last_V, i72* %p_hw_input_stencil_st)


 <State 2>: 0.00ns
ST_2: StgValue_13 (26)  [1/2] 0.00ns  loc: hls_target.cpp:54
codeRepl:21  call fastcc void @linebuffer.1(i8* %hw_input_V_value_V, i1* %hw_input_V_last_V, i72* %p_hw_input_stencil_st)


 <State 3>: 0.00ns
ST_3: StgValue_14 (27)  [2/2] 0.00ns
codeRepl:22  call fastcc void @Loop_1_proc(i72* %p_hw_input_stencil_st, i32* %p_mul_stencil_update_1)


 <State 4>: 0.00ns
ST_4: StgValue_15 (27)  [1/2] 0.00ns
codeRepl:22  call fastcc void @Loop_1_proc(i72* %p_hw_input_stencil_st, i32* %p_mul_stencil_update_1)


 <State 5>: 0.00ns
ST_5: StgValue_16 (28)  [2/2] 0.00ns  loc: hls_target.cpp:168
codeRepl:23  call fastcc void @linebuffer.2(i32* %p_mul_stencil_update_1, i128* %p_mul_stencil_stream_s)


 <State 6>: 0.00ns
ST_6: StgValue_17 (28)  [1/2] 0.00ns  loc: hls_target.cpp:168
codeRepl:23  call fastcc void @linebuffer.2(i32* %p_mul_stencil_update_1, i128* %p_mul_stencil_stream_s)


 <State 7>: 0.00ns
ST_7: StgValue_18 (29)  [2/2] 0.00ns
codeRepl:24  call fastcc void @Block_.preheader39.p(i128* %p_mul_stencil_stream_s, i8* %hw_output_V_value_V, i1* %hw_output_V_last_V)


 <State 8>: 2.45ns
ST_8: StgValue_19 (5)  [1/1] 0.00ns  loc: hls_target.cpp:9
codeRepl:0  call void (...)* @_ssdm_op_SpecDataflowPipeline(i32 -1, [1 x i8]* @p_str) nounwind

ST_8: StgValue_20 (6)  [1/1] 0.00ns
codeRepl:1  call void (...)* @_ssdm_op_SpecBitsMap(i8* %hw_input_V_value_V), !map !119

ST_8: StgValue_21 (7)  [1/1] 0.00ns
codeRepl:2  call void (...)* @_ssdm_op_SpecBitsMap(i1* %hw_input_V_last_V), !map !123

ST_8: StgValue_22 (8)  [1/1] 0.00ns
codeRepl:3  call void (...)* @_ssdm_op_SpecBitsMap(i8* %hw_output_V_value_V), !map !127

ST_8: StgValue_23 (9)  [1/1] 0.00ns
codeRepl:4  call void (...)* @_ssdm_op_SpecBitsMap(i1* %hw_output_V_last_V), !map !131

ST_8: StgValue_24 (10)  [1/1] 0.00ns
codeRepl:5  call void (...)* @_ssdm_op_SpecTopModule([11 x i8]* @hls_target_str) nounwind

ST_8: empty (12)  [1/1] 0.00ns
codeRepl:7  %empty = call i32 (...)* @_ssdm_op_SpecChannel([35 x i8]* @p_hw_input_stencil_st, i32 1, [1 x i8]* @p_str, [1 x i8]* @p_str, i32 1, i32 1, i72* %p_hw_input_stencil_st, i72* %p_hw_input_stencil_st)

ST_8: StgValue_26 (13)  [1/1] 0.00ns
codeRepl:8  call void (...)* @_ssdm_op_SpecInterface(i72* %p_hw_input_stencil_st, [8 x i8]* @ap_fifo_str, i32 0, i32 0, [1 x i8]* @p_str, i32 0, i32 0, [1 x i8]* @p_str, [1 x i8]* @p_str, [1 x i8]* @p_str, i32 2, i32 2, i32 16, i32 16, [1 x i8]* @p_str, [1 x i8]* @p_str)

ST_8: StgValue_27 (14)  [1/1] 0.00ns  loc: hls_target.cpp:52
codeRepl:9  call void (...)* @_ssdm_op_SpecMemCore(i72* %p_hw_input_stencil_st, [1 x i8]* @p_str, [9 x i8]* @p_str2, [1 x i8]* @p_str, i32 -1, [1 x i8]* @p_str, [1 x i8]* @p_str, [1 x i8]* @p_str, [1 x i8]* @p_str, [1 x i8]* @p_str)

ST_8: empty_24 (16)  [1/1] 0.00ns
codeRepl:11  %empty_24 = call i32 (...)* @_ssdm_op_SpecChannel([37 x i8]* @p_mul_stencil_update_s, i32 1, [1 x i8]* @p_str, [1 x i8]* @p_str, i32 1, i32 1, i32* %p_mul_stencil_update_1, i32* %p_mul_stencil_update_1)

ST_8: StgValue_29 (17)  [1/1] 0.00ns
codeRepl:12  call void (...)* @_ssdm_op_SpecInterface(i32* %p_mul_stencil_update_1, [8 x i8]* @ap_fifo_str, i32 0, i32 0, [1 x i8]* @p_str, i32 0, i32 0, [1 x i8]* @p_str, [1 x i8]* @p_str, [1 x i8]* @p_str, i32 2, i32 2, i32 16, i32 16, [1 x i8]* @p_str, [1 x i8]* @p_str)

ST_8: StgValue_30 (18)  [1/1] 0.00ns  loc: hls_target.cpp:61
codeRepl:13  call void (...)* @_ssdm_op_SpecMemCore(i32* %p_mul_stencil_update_1, [1 x i8]* @p_str, [9 x i8]* @p_str2, [1 x i8]* @p_str, i32 -1, [1 x i8]* @p_str, [1 x i8]* @p_str, [1 x i8]* @p_str, [1 x i8]* @p_str, [1 x i8]* @p_str)

ST_8: empty_25 (20)  [1/1] 0.00ns
codeRepl:15  %empty_25 = call i32 (...)* @_ssdm_op_SpecChannel([30 x i8]* @p_mul_stencil_stream_s, i32 1, [1 x i8]* @p_str, [1 x i8]* @p_str, i32 1, i32 1, i128* %p_mul_stencil_stream_s, i128* %p_mul_stencil_stream_s)

ST_8: StgValue_32 (21)  [1/1] 0.00ns
codeRepl:16  call void (...)* @_ssdm_op_SpecInterface(i128* %p_mul_stencil_stream_s, [8 x i8]* @ap_fifo_str, i32 0, i32 0, [1 x i8]* @p_str, i32 0, i32 0, [1 x i8]* @p_str, [1 x i8]* @p_str, [1 x i8]* @p_str, i32 2, i32 2, i32 16, i32 16, [1 x i8]* @p_str, [1 x i8]* @p_str)

ST_8: StgValue_33 (22)  [1/1] 0.00ns  loc: hls_target.cpp:166
codeRepl:17  call void (...)* @_ssdm_op_SpecMemCore(i128* %p_mul_stencil_stream_s, [1 x i8]* @p_str, [9 x i8]* @p_str2, [1 x i8]* @p_str, i32 -1, [1 x i8]* @p_str, [1 x i8]* @p_str, [1 x i8]* @p_str, [1 x i8]* @p_str, [1 x i8]* @p_str)

ST_8: StgValue_34 (23)  [1/1] 0.00ns  loc: hls_target.cpp:175
codeRepl:18  call void (...)* @_ssdm_op_SpecMemCore(i32* null, [1 x i8]* @p_str, [9 x i8]* @p_str2, [1 x i8]* @p_str, i32 -1, [1 x i8]* @p_str, [1 x i8]* @p_str, [1 x i8]* @p_str, [1 x i8]* @p_str, [1 x i8]* @p_str)

ST_8: StgValue_35 (24)  [1/1] 0.00ns  loc: hls_target.cpp:11
codeRepl:19  call void (...)* @_ssdm_op_SpecInterface(i8* %hw_input_V_value_V, i1* %hw_input_V_last_V, [6 x i8]* @p_str1, i32 0, i32 0, [1 x i8]* @p_str, i32 0, i32 0, [1 x i8]* @p_str, [1 x i8]* @p_str, [1 x i8]* @p_str, i32 0, i32 0, i32 0, i32 0, [1 x i8]* @p_str, [1 x i8]* @p_str) nounwind

ST_8: StgValue_36 (25)  [1/1] 0.00ns  loc: hls_target.cpp:12
codeRepl:20  call void (...)* @_ssdm_op_SpecInterface(i8* %hw_output_V_value_V, i1* %hw_output_V_last_V, [6 x i8]* @p_str1, i32 0, i32 0, [1 x i8]* @p_str, i32 0, i32 0, [1 x i8]* @p_str, [1 x i8]* @p_str, [1 x i8]* @p_str, i32 0, i32 0, i32 0, i32 0, [1 x i8]* @p_str, [1 x i8]* @p_str) nounwind

ST_8: StgValue_37 (29)  [1/2] 2.45ns
codeRepl:24  call fastcc void @Block_.preheader39.p(i128* %p_mul_stencil_stream_s, i8* %hw_output_V_value_V, i1* %hw_output_V_last_V)

ST_8: StgValue_38 (30)  [1/1] 0.00ns  loc: hls_target.cpp:264
codeRepl:25  ret void



============================================================
+ Verbose Summary: Timing violations
============================================================
Target clock period: 5.6ns, clock uncertainty: 0.7ns.

 <State 1>: 0ns
The critical path consists of the following:

 <State 2>: 0ns
The critical path consists of the following:

 <State 3>: 0ns
The critical path consists of the following:

 <State 4>: 0ns
The critical path consists of the following:

 <State 5>: 0ns
The critical path consists of the following:

 <State 6>: 0ns
The critical path consists of the following:

 <State 7>: 0ns
The critical path consists of the following:

 <State 8>: 2.45ns
The critical path consists of the following:
	'call' operation to 'Block_.preheader39.p' [29]  (2.45 ns)


============================================================
+ Verbose Summary: Binding
============================================================
N/A
* FSMD analyzer results:
  - Output states:
 - Input state : 
  - Chain level:
	State 1
	State 2
	State 3
	State 4
	State 5
	State 6
	State 7
	State 8


============================================================
+ Verbose Summary: Datapath Resource usage 
============================================================
N/A
