

================================================================
== Vivado HLS Report for 'hls_target'
================================================================
* Date:           Sun Mar 15 19:01:28 2020

* Version:        2017.2 (Build 1909853 on Thu Jun 15 18:55:24 MDT 2017)
* Project:        conv2d_b2b
* Solution:       hls_target
* Product family: zynq
* Target device:  xc7z020clg484-1


================================================================
== Performance Estimates
================================================================
+ Timing (ns): 
    * Summary: 
    +--------+-------+----------+------------+
    |  Clock | Target| Estimated| Uncertainty|
    +--------+-------+----------+------------+
    |ap_clk  |   5.60|      7.94|        0.70|
    +--------+-------+----------+------------+

+ Latency (clock cycles): 
    * Summary: 
    +-----+-----+-----+-----+----------+
    |  Latency  |  Interval | Pipeline |
    | min | max | min | max |   Type   |
    +-----+-----+-----+-----+----------+
    |   33|   33|   34|   34| dataflow |
    +-----+-----+-----+-----+----------+

    + Detail: 
        * Instance: 
        +------------------------+---------------------+-----+-----+-----+-----+----------+
        |                        |                     |  Latency  |  Interval | Pipeline |
        |        Instance        |        Module       | min | max | min | max |   Type   |
        +------------------------+---------------------+-----+-----+-----+-----+----------+
        |linebuffer_1_U0         |linebuffer_1         |   33|   33|   34|   34| dataflow |
        |linebuffer_2_U0         |linebuffer_2         |    7|    7|    8|    8| dataflow |
        |Loop_1_proc_U0          |Loop_1_proc          |    9|    9|    9|    9|   none   |
        |Block_preheader39_p_U0  |Block_preheader39_p  |    2|    2|    2|    2|   none   |
        +------------------------+---------------------+-----+-----+-----+-----+----------+

        * Loop: 
        N/A



================================================================
== Utilization Estimates
================================================================
* Summary: 
+-----------------+---------+-------+--------+-------+
|       Name      | BRAM_18K| DSP48E|   FF   |  LUT  |
+-----------------+---------+-------+--------+-------+
|DSP              |        -|      -|       -|      -|
|Expression       |        -|      -|       0|      8|
|FIFO             |        -|      -|       0|      3|
|Instance         |        0|      -|    1563|   1493|
|Memory           |        -|      -|       -|      -|
|Multiplexer      |        -|      -|       -|      -|
|Register         |        -|      -|       -|      -|
+-----------------+---------+-------+--------+-------+
|Total            |        0|      0|    1563|   1504|
+-----------------+---------+-------+--------+-------+
|Available        |      280|    220|  106400|  53200|
+-----------------+---------+-------+--------+-------+
|Utilization (%)  |        0|      0|       1|      2|
+-----------------+---------+-------+--------+-------+

+ Detail: 
    * Instance: 
    +------------------------+---------------------+---------+-------+-----+-----+
    |        Instance        |        Module       | BRAM_18K| DSP48E|  FF | LUT |
    +------------------------+---------------------+---------+-------+-----+-----+
    |Block_preheader39_p_U0  |Block_preheader39_p  |        0|      0|  123|  112|
    |Loop_1_proc_U0          |Loop_1_proc          |        0|      0|  450|  284|
    |linebuffer_1_U0         |linebuffer_1         |        0|      0|  766|  677|
    |linebuffer_2_U0         |linebuffer_2         |        0|      0|  224|  420|
    +------------------------+---------------------+---------+-------+-----+-----+
    |Total                   |                     |        0|      0| 1563| 1493|
    +------------------------+---------------------+---------+-------+-----+-----+

    * DSP48: 
    N/A

    * Memory: 
    N/A

    * FIFO: 
    +--------------------------+---------+---+----+------+-----+---------+
    |           Name           | BRAM_18K| FF| LUT| Depth| Bits| Size:D*B|
    +--------------------------+---------+---+----+------+-----+---------+
    |p_hw_input_stencil_st_U   |        0|  0|   1|     1|   72|       72|
    |p_mul_stencil_stream_s_U  |        0|  0|   1|     1|  128|      128|
    |p_mul_stencil_update_1_U  |        0|  0|   1|     1|   32|       32|
    +--------------------------+---------+---+----+------+-----+---------+
    |Total                     |        0|  0|   3|     3|  232|      232|
    +--------------------------+---------+---+----+------+-----+---------+

    * Expression: 
    +------------------------------+----------+-------+---+----+------------+------------+
    |         Variable Name        | Operation| DSP48E| FF| LUT| Bitwidth P0| Bitwidth P1|
    +------------------------------+----------+-------+---+----+------------+------------+
    |ap_idle                       |    and   |      0|  0|   2|           1|           1|
    |Loop_1_proc_U0_start_full_n   |    or    |      0|  0|   2|           1|           1|
    |linebuffer_1_U0_start_full_n  |    or    |      0|  0|   2|           1|           1|
    |linebuffer_2_U0_start_full_n  |    or    |      0|  0|   2|           1|           1|
    +------------------------------+----------+-------+---+----+------------+------------+
    |Total                         |          |      0|  0|   8|           4|           4|
    +------------------------------+----------+-------+---+----+------------+------------+

    * Multiplexer: 
    N/A

    * Register: 
    N/A



================================================================
== Interface
================================================================
* Summary: 
+----------------------------+-----+-----+------------+---------------------+--------------+
|          RTL Ports         | Dir | Bits|  Protocol  |    Source Object    |    C Type    |
+----------------------------+-----+-----+------------+---------------------+--------------+
|hw_input_V_value_V          |  in |    8|    ap_hs   |  hw_input_V_value_V |    pointer   |
|hw_input_V_value_V_ap_vld   |  in |    1|    ap_hs   |  hw_input_V_value_V |    pointer   |
|hw_input_V_value_V_ap_ack   | out |    1|    ap_hs   |  hw_input_V_value_V |    pointer   |
|hw_input_V_last_V           |  in |    1|    ap_hs   |  hw_input_V_last_V  |    pointer   |
|hw_input_V_last_V_ap_vld    |  in |    1|    ap_hs   |  hw_input_V_last_V  |    pointer   |
|hw_input_V_last_V_ap_ack    | out |    1|    ap_hs   |  hw_input_V_last_V  |    pointer   |
|hw_output_V_value_V         | out |    8|    ap_hs   | hw_output_V_value_V |    pointer   |
|hw_output_V_value_V_ap_vld  | out |    1|    ap_hs   | hw_output_V_value_V |    pointer   |
|hw_output_V_value_V_ap_ack  |  in |    1|    ap_hs   | hw_output_V_value_V |    pointer   |
|hw_output_V_last_V          | out |    1|    ap_hs   |  hw_output_V_last_V |    pointer   |
|hw_output_V_last_V_ap_vld   | out |    1|    ap_hs   |  hw_output_V_last_V |    pointer   |
|hw_output_V_last_V_ap_ack   |  in |    1|    ap_hs   |  hw_output_V_last_V |    pointer   |
|ap_clk                      |  in |    1| ap_ctrl_hs |      hls_target     | return value |
|ap_rst                      |  in |    1| ap_ctrl_hs |      hls_target     | return value |
|ap_done                     | out |    1| ap_ctrl_hs |      hls_target     | return value |
|ap_start                    |  in |    1| ap_ctrl_hs |      hls_target     | return value |
|ap_ready                    | out |    1| ap_ctrl_hs |      hls_target     | return value |
|ap_idle                     | out |    1| ap_ctrl_hs |      hls_target     | return value |
+----------------------------+-----+-----+------------+---------------------+--------------+

============================================================
+ Verbose Summary: Synthesis Manager
============================================================
InlineROM: 1
ExposeGlobal: 0
============================================================
+ Verbose Summary: CDFG Model
============================================================
IsTopModel: 1
ResetActiveHigh: 1
IsCombinational: 2
IsDatapathOnly: 2
HasWiredReturn: 1
HasMFsm: 0
HasVarLatency: 1
IsPipeline: 0
IsRtlPipelined: 0
IsInstanceOverlapped: 0
IsDontTouch: 0
HasImplIP: 0
IsGatedGlobalClock: 0


============================================================
+ Verbose Summary: Schedule
============================================================
* Number of FSM states: 8
* Pipeline: 0
* Dataflow Pipeline: 1
  DF-Pipeline-0: Size = 8, States = { 1 2 3 4 5 6 7 8 }

* FSM state transitions: 
1 --> 
	2  / true
2 --> 
	3  / true
3 --> 
	4  / true
4 --> 
	5  / true
5 --> 
	6  / true
6 --> 
	7  / true
7 --> 
	8  / true
8 --> 
* FSM state operations: 

 <State 1>: 0.00ns
ST_1: p_hw_input_stencil_st (11)  [1/1] 0.00ns  loc: hls_target.cpp:50
codeRepl:6  %p_hw_input_stencil_st = alloca i72, align 8

ST_1: p_mul_stencil_update_1 (15)  [1/1] 0.00ns
codeRepl:10  %p_mul_stencil_update_1 = alloca i32, align 4

ST_1: p_mul_stencil_stream_s (19)  [1/1] 0.00ns  loc: hls_target.cpp:164
codeRepl:14  %p_mul_stencil_stream_s = alloca i128, align 8

ST_1: StgValue_12 (26)  [2/2] 0.00ns  loc: hls_target.cpp:54
codeRepl:21  call fastcc void @linebuffer.1(i8* %hw_input_V_value_V, i1* %hw_input_V_last_V, i72* %p_hw_input_stencil_st)


 <State 2>: 0.00ns
ST_2: StgValue_13 (26)  [1/2] 0.00ns  loc: hls_target.cpp:54
codeRepl:21  call fastcc void @linebuffer.1(i8* %hw_input_V_value_V, i1* %hw_input_V_last_V, i72* %p_hw_input_stencil_st)


 <State 3>: 0.00ns
ST_3: StgValue_14 (27)  [2/2] 0.00ns
codeRepl:22  call fastcc void @Loop_1_proc(i72* %p_hw_input_stencil_st, i32* %p_mul_stencil_update_1)


 <State 4>: 0.00ns
ST_4: StgValue_15 (27)  [1/2] 0.00ns
codeRepl:22  call fastcc void @Loop_1_proc(i72* %p_hw_input_stencil_st, i32* %p_mul_stencil_update_1)


 <State 5>: 0.00ns
ST_5: StgValue_16 (28)  [2/2] 0.00ns  loc: hls_target.cpp:168
codeRepl:23  call fastcc void @linebuffer.2(i32* %p_mul_stencil_update_1, i128* %p_mul_stencil_stream_s)


 <State 6>: 0.00ns
ST_6: StgValue_17 (28)  [1/2] 0.00ns  loc: hls_target.cpp:168
codeRepl:23  call fastcc void @linebuffer.2(i32* %p_mul_stencil_update_1, i128* %p_mul_stencil_stream_s)


 <State 7>: 0.00ns
ST_7: StgValue_18 (29)  [2/2] 0.00ns
codeRepl:24  call fastcc void @Block_.preheader39.p(i128* %p_mul_stencil_stream_s, i8* %hw_output_V_value_V, i1* %hw_output_V_last_V)


 <State 8>: 2.45ns
ST_8: StgValue_19 (5)  [1/1] 0.00ns  loc: hls_target.cpp:9
codeRepl:0  call void (...)* @_ssdm_op_SpecDataflowPipeline(i32 -1, [1 x i8]* @p_str) nounwind

ST_8: StgValue_20 (6)  [1/1] 0.00ns
codeRepl:1  call void (...)* @_ssdm_op_SpecBitsMap(i8* %hw_input_V_value_V), !map !119

ST_8: StgValue_21 (7)  [1/1] 0.00ns
codeRepl:2  call void (...)* @_ssdm_op_SpecBitsMap(i1* %hw_input_V_last_V), !map !123

ST_8: StgValue_22 (8)  [1/1] 0.00ns
codeRepl:3  call void (...)* @_ssdm_op_SpecBitsMap(i8* %hw_output_V_value_V), !map !127

ST_8: StgValue_23 (9)  [1/1] 0.00ns
codeRepl:4  call void (...)* @_ssdm_op_SpecBitsMap(i1* %hw_output_V_last_V), !map !131

ST_8: StgValue_24 (10)  [1/1] 0.00ns
codeRepl:5  call void (...)* @_ssdm_op_SpecTopModule([11 x i8]* @hls_target_str) nounwind

ST_8: empty (12)  [1/1] 0.00ns
codeRepl:7  %empty = call i32 (...)* @_ssdm_op_SpecChannel([35 x i8]* @p_hw_input_stencil_st, i32 1, [1 x i8]* @p_str, [1 x i8]* @p_str, i32 1, i32 1, i72* %p_hw_input_stencil_st, i72* %p_hw_input_stencil_st)

ST_8: StgValue_26 (13)  [1/1] 0.00ns
codeRepl:8  call void (...)* @_ssdm_op_SpecInterface(i72* %p_hw_input_stencil_st, [8 x i8]* @ap_fifo_str, i32 0, i32 0, [1 x i8]* @p_str, i32 0, i32 0, [1 x i8]* @p_str, [1 x i8]* @p_str, [1 x i8]* @p_str, i32 2, i32 2, i32 16, i32 16, [1 x i8]* @p_str, [1 x i8]* @p_str)

ST_8: StgValue_27 (14)  [1/1] 0.00ns  loc: hls_target.cpp:52
codeRepl:9  call void (...)* @_ssdm_op_SpecMemCore(i72* %p_hw_input_stencil_st, [1 x i8]* @p_str, [9 x i8]* @p_str2, [1 x i8]* @p_str, i32 -1, [1 x i8]* @p_str, [1 x i8]* @p_str, [1 x i8]* @p_str, [1 x i8]* @p_str, [1 x i8]* @p_str)

ST_8: empty_24 (16)  [1/1] 0.00ns
codeRepl:11  %empty_24 = call i32 (...)* @_ssdm_op_SpecChannel([37 x i8]* @p_mul_stencil_update_s, i32 1, [1 x i8]* @p_str, [1 x i8]* @p_str, i32 1, i32 1, i32* %p_mul_stencil_update_1, i32* %p_mul_stencil_update_1)

ST_8: StgValue_29 (17)  [1/1] 0.00ns
codeRepl:12  call void (...)* @_ssdm_op_SpecInterface(i32* %p_mul_stencil_update_1, [8 x i8]* @ap_fifo_str, i32 0, i32 0, [1 x i8]* @p_str, i32 0, i32 0, [1 x i8]* @p_str, [1 x i8]* @p_str, [1 x i8]* @p_str, i32 2, i32 2, i32 16, i32 16, [1 x i8]* @p_str, [1 x i8]* @p_str)

ST_8: StgValue_30 (18)  [1/1] 0.00ns  loc: hls_target.cpp:61
codeRepl:13  call void (...)* @_ssdm_op_SpecMemCore(i32* %p_mul_stencil_update_1, [1 x i8]* @p_str, [9 x i8]* @p_str2, [1 x i8]* @p_str, i32 -1, [1 x i8]* @p_str, [1 x i8]* @p_str, [1 x i8]* @p_str, [1 x i8]* @p_str, [1 x i8]* @p_str)

ST_8: empty_25 (20)  [1/1] 0.00ns
codeRepl:15  %empty_25 = call i32 (...)* @_ssdm_op_SpecChannel([30 x i8]* @p_mul_stencil_stream_s, i32 1, [1 x i8]* @p_str, [1 x i8]* @p_str, i32 1, i32 1, i128* %p_mul_stencil_stream_s, i128* %p_mul_stencil_stream_s)

ST_8: StgValue_32 (21)  [1/1] 0.00ns
codeRepl:16  call void (...)* @_ssdm_op_SpecInterface(i128* %p_mul_stencil_stream_s, [8 x i8]* @ap_fifo_str, i32 0, i32 0, [1 x i8]* @p_str, i32 0, i32 0, [1 x i8]* @p_str, [1 x i8]* @p_str, [1 x i8]* @p_str, i32 2, i32 2, i32 16, i32 16, [1 x i8]* @p_str, [1 x i8]* @p_str)

ST_8: StgValue_33 (22)  [1/1] 0.00ns  loc: hls_target.cpp:166
codeRepl:17  call void (...)* @_ssdm_op_SpecMemCore(i128* %p_mul_stencil_stream_s, [1 x i8]* @p_str, [9 x i8]* @p_str2, [1 x i8]* @p_str, i32 -1, [1 x i8]* @p_str, [1 x i8]* @p_str, [1 x i8]* @p_str, [1 x i8]* @p_str, [1 x i8]* @p_str)

ST_8: StgValue_34 (23)  [1/1] 0.00ns  loc: hls_target.cpp:175
codeRepl:18  call void (...)* @_ssdm_op_SpecMemCore(i32* null, [1 x i8]* @p_str, [9 x i8]* @p_str2, [1 x i8]* @p_str, i32 -1, [1 x i8]* @p_str, [1 x i8]* @p_str, [1 x i8]* @p_str, [1 x i8]* @p_str, [1 x i8]* @p_str)

ST_8: StgValue_35 (24)  [1/1] 0.00ns  loc: hls_target.cpp:11
codeRepl:19  call void (...)* @_ssdm_op_SpecInterface(i8* %hw_input_V_value_V, i1* %hw_input_V_last_V, [6 x i8]* @p_str1, i32 0, i32 0, [1 x i8]* @p_str, i32 0, i32 0, [1 x i8]* @p_str, [1 x i8]* @p_str, [1 x i8]* @p_str, i32 0, i32 0, i32 0, i32 0, [1 x i8]* @p_str, [1 x i8]* @p_str) nounwind

ST_8: StgValue_36 (25)  [1/1] 0.00ns  loc: hls_target.cpp:12
codeRepl:20  call void (...)* @_ssdm_op_SpecInterface(i8* %hw_output_V_value_V, i1* %hw_output_V_last_V, [6 x i8]* @p_str1, i32 0, i32 0, [1 x i8]* @p_str, i32 0, i32 0, [1 x i8]* @p_str, [1 x i8]* @p_str, [1 x i8]* @p_str, i32 0, i32 0, i32 0, i32 0, [1 x i8]* @p_str, [1 x i8]* @p_str) nounwind

ST_8: StgValue_37 (29)  [1/2] 2.45ns
codeRepl:24  call fastcc void @Block_.preheader39.p(i128* %p_mul_stencil_stream_s, i8* %hw_output_V_value_V, i1* %hw_output_V_last_V)

ST_8: StgValue_38 (30)  [1/1] 0.00ns  loc: hls_target.cpp:264
codeRepl:25  ret void



============================================================
+ Verbose Summary: Binding
============================================================
STG Binding: 
---------------- STG Properties BEGIN ----------------
- Is combinational: 0
- Is one-state seq: 0
- Is datapath-only: 0
- Is pipelined: 0
- Is top level: 1
Port [ Return ] is wired: 1; IO mode=ap_ctrl_hs:ce=0
Port [ hw_input_V_value_V]:  wired=1; compound=0; hidden=0; nouse=0; global=0; static=0; extern=0; dir=0; type=0; pingpong=0; private_global=0; IO mode=ap_hs:ce=0
Port [ hw_input_V_last_V]:  wired=1; compound=0; hidden=0; nouse=0; global=0; static=0; extern=0; dir=0; type=0; pingpong=0; private_global=0; IO mode=ap_hs:ce=0
Port [ hw_output_V_value_V]:  wired=1; compound=0; hidden=0; nouse=0; global=0; static=0; extern=0; dir=1; type=0; pingpong=0; private_global=0; IO mode=ap_hs:ce=0
Port [ hw_output_V_last_V]:  wired=1; compound=0; hidden=0; nouse=0; global=0; static=0; extern=0; dir=1; type=0; pingpong=0; private_global=0; IO mode=ap_hs:ce=0
---------------- STG Properties END ------------------

---------------- Datapath Model BEGIN ----------------

<LifeTime>
<method=bitvector/>
p_hw_input_stencil_st  (alloca              ) [ 011111111]
p_mul_stencil_update_1 (alloca              ) [ 001111111]
p_mul_stencil_stream_s (alloca              ) [ 001111111]
StgValue_13            (call                ) [ 000000000]
StgValue_15            (call                ) [ 000000000]
StgValue_17            (call                ) [ 000000000]
StgValue_19            (specdataflowpipeline) [ 000000000]
StgValue_20            (specbitsmap         ) [ 000000000]
StgValue_21            (specbitsmap         ) [ 000000000]
StgValue_22            (specbitsmap         ) [ 000000000]
StgValue_23            (specbitsmap         ) [ 000000000]
StgValue_24            (spectopmodule       ) [ 000000000]
empty                  (specchannel         ) [ 000000000]
StgValue_26            (specinterface       ) [ 000000000]
StgValue_27            (specmemcore         ) [ 000000000]
empty_24               (specchannel         ) [ 000000000]
StgValue_29            (specinterface       ) [ 000000000]
StgValue_30            (specmemcore         ) [ 000000000]
empty_25               (specchannel         ) [ 000000000]
StgValue_32            (specinterface       ) [ 000000000]
StgValue_33            (specmemcore         ) [ 000000000]
StgValue_34            (specmemcore         ) [ 000000000]
StgValue_35            (specinterface       ) [ 000000000]
StgValue_36            (specinterface       ) [ 000000000]
StgValue_37            (call                ) [ 000000000]
StgValue_38            (ret                 ) [ 000000000]
</LifeTime>

<model>

<comp_list>
<comp id="0" class="1000" name="hw_input_V_value_V">
<pin_list>
<pin id="1" dir="1" index="0" bw="1" slack="0"/>
</pin_list>
<bind>
<StgValue><ssdm name="hw_input_V_value_V"/></StgValue>
</bind>
</comp>

<comp id="2" class="1000" name="hw_input_V_last_V">
<pin_list>
<pin id="3" dir="1" index="0" bw="1" slack="0"/>
</pin_list>
<bind>
<StgValue><ssdm name="hw_input_V_last_V"/></StgValue>
</bind>
</comp>

<comp id="4" class="1000" name="hw_output_V_value_V">
<pin_list>
<pin id="5" dir="1" index="0" bw="1" slack="0"/>
</pin_list>
<bind>
<StgValue><ssdm name="hw_output_V_value_V"/></StgValue>
</bind>
</comp>

<comp id="6" class="1000" name="hw_output_V_last_V">
<pin_list>
<pin id="7" dir="1" index="0" bw="1" slack="0"/>
</pin_list>
<bind>
<StgValue><ssdm name="hw_output_V_last_V"/></StgValue>
</bind>
</comp>

<comp id="8" class="1001" name="const_8">
<pin_list>
<pin id="9" dir="1" index="0" bw="1" slack="0"/>
</pin_list>
<bind>
<StgValue><ssdm name=""/></StgValue>
</bind>
</comp>

<comp id="10" class="1001" name="const_10">
<pin_list>
<pin id="11" dir="1" index="0" bw="1" slack="0"/>
</pin_list>
<bind>
<StgValue><ssdm name="linebuffer.1"/></StgValue>
</bind>
</comp>

<comp id="12" class="1001" name="const_12">
<pin_list>
<pin id="13" dir="1" index="0" bw="1" slack="0"/>
</pin_list>
<bind>
<StgValue><ssdm name="Loop_1_proc"/></StgValue>
</bind>
</comp>

<comp id="14" class="1001" name="const_14">
<pin_list>
<pin id="15" dir="1" index="0" bw="1" slack="0"/>
</pin_list>
<bind>
<StgValue><ssdm name="linebuffer.2"/></StgValue>
</bind>
</comp>

<comp id="16" class="1001" name="const_16">
<pin_list>
<pin id="17" dir="1" index="0" bw="1" slack="0"/>
</pin_list>
<bind>
<StgValue><ssdm name="Block_.preheader39.p"/></StgValue>
</bind>
</comp>

<comp id="18" class="1001" name="const_18">
<pin_list>
<pin id="19" dir="1" index="0" bw="1" slack="2147483647"/>
</pin_list>
<bind>
<StgValue><ssdm name="_ssdm_op_SpecDataflowPipeline"/></StgValue>
</bind>
</comp>

<comp id="20" class="1001" name="const_20">
<pin_list>
<pin id="21" dir="1" index="0" bw="1" slack="2147483647"/>
</pin_list>
<bind>
<StgValue><ssdm name=""/></StgValue>
</bind>
</comp>

<comp id="22" class="1001" name="const_22">
<pin_list>
<pin id="23" dir="1" index="0" bw="1" slack="2147483647"/>
</pin_list>
<bind>
<StgValue><ssdm name="p_str"/></StgValue>
</bind>
</comp>

<comp id="24" class="1001" name="const_24">
<pin_list>
<pin id="25" dir="1" index="0" bw="1" slack="2147483647"/>
</pin_list>
<bind>
<StgValue><ssdm name="_ssdm_op_SpecBitsMap"/></StgValue>
</bind>
</comp>

<comp id="26" class="1001" name="const_26">
<pin_list>
<pin id="27" dir="1" index="0" bw="1" slack="2147483647"/>
</pin_list>
<bind>
<StgValue><ssdm name="_ssdm_op_SpecTopModule"/></StgValue>
</bind>
</comp>

<comp id="28" class="1001" name="const_28">
<pin_list>
<pin id="29" dir="1" index="0" bw="1" slack="2147483647"/>
</pin_list>
<bind>
<StgValue><ssdm name="hls_target_str"/></StgValue>
</bind>
</comp>

<comp id="30" class="1001" name="const_30">
<pin_list>
<pin id="31" dir="1" index="0" bw="1" slack="2147483647"/>
</pin_list>
<bind>
<StgValue><ssdm name="_ssdm_op_SpecChannel"/></StgValue>
</bind>
</comp>

<comp id="32" class="1001" name="const_32">
<pin_list>
<pin id="33" dir="1" index="0" bw="1" slack="2147483647"/>
</pin_list>
<bind>
<StgValue><ssdm name="p_hw_input_stencil_st"/></StgValue>
</bind>
</comp>

<comp id="34" class="1001" name="const_34">
<pin_list>
<pin id="35" dir="1" index="0" bw="1" slack="2147483647"/>
</pin_list>
<bind>
<StgValue><ssdm name=""/></StgValue>
</bind>
</comp>

<comp id="36" class="1001" name="const_36">
<pin_list>
<pin id="37" dir="1" index="0" bw="1" slack="2147483647"/>
</pin_list>
<bind>
<StgValue><ssdm name="_ssdm_op_SpecInterface"/></StgValue>
</bind>
</comp>

<comp id="38" class="1001" name="const_38">
<pin_list>
<pin id="39" dir="1" index="0" bw="1" slack="2147483647"/>
</pin_list>
<bind>
<StgValue><ssdm name="ap_fifo_str"/></StgValue>
</bind>
</comp>

<comp id="40" class="1001" name="const_40">
<pin_list>
<pin id="41" dir="1" index="0" bw="1" slack="2147483647"/>
</pin_list>
<bind>
<StgValue><ssdm name=""/></StgValue>
</bind>
</comp>

<comp id="42" class="1001" name="const_42">
<pin_list>
<pin id="43" dir="1" index="0" bw="1" slack="2147483647"/>
</pin_list>
<bind>
<StgValue><ssdm name=""/></StgValue>
</bind>
</comp>

<comp id="44" class="1001" name="const_44">
<pin_list>
<pin id="45" dir="1" index="0" bw="1" slack="2147483647"/>
</pin_list>
<bind>
<StgValue><ssdm name=""/></StgValue>
</bind>
</comp>

<comp id="46" class="1001" name="const_46">
<pin_list>
<pin id="47" dir="1" index="0" bw="1" slack="2147483647"/>
</pin_list>
<bind>
<StgValue><ssdm name="_ssdm_op_SpecMemCore"/></StgValue>
</bind>
</comp>

<comp id="48" class="1001" name="const_48">
<pin_list>
<pin id="49" dir="1" index="0" bw="1" slack="2147483647"/>
</pin_list>
<bind>
<StgValue><ssdm name="p_str2"/></StgValue>
</bind>
</comp>

<comp id="50" class="1001" name="const_50">
<pin_list>
<pin id="51" dir="1" index="0" bw="1" slack="2147483647"/>
</pin_list>
<bind>
<StgValue><ssdm name="p_mul_stencil_update_s"/></StgValue>
</bind>
</comp>

<comp id="52" class="1001" name="const_52">
<pin_list>
<pin id="53" dir="1" index="0" bw="1" slack="2147483647"/>
</pin_list>
<bind>
<StgValue><ssdm name="p_mul_stencil_stream_s"/></StgValue>
</bind>
</comp>

<comp id="54" class="1001" name="const_54">
<pin_list>
<pin id="55" dir="1" index="0" bw="1" slack="2147483647"/>
</pin_list>
<bind>
<StgValue><ssdm name=""/></StgValue>
</bind>
</comp>

<comp id="56" class="1001" name="const_56">
<pin_list>
<pin id="57" dir="1" index="0" bw="1" slack="2147483647"/>
</pin_list>
<bind>
<StgValue><ssdm name="p_str1"/></StgValue>
</bind>
</comp>

<comp id="58" class="1004" name="p_hw_input_stencil_st_fu_58">
<pin_list>
<pin id="59" dir="0" index="0" bw="1" slack="0"/>
<pin id="60" dir="1" index="1" bw="72" slack="0"/>
</pin_list>
<bind>
<opcode="alloca(26) " fcode="alloca"/>
<opset="p_hw_input_stencil_st/1 "/>
</bind>
</comp>

<comp id="62" class="1004" name="p_mul_stencil_update_1_fu_62">
<pin_list>
<pin id="63" dir="0" index="0" bw="1" slack="0"/>
<pin id="64" dir="1" index="1" bw="32" slack="2"/>
</pin_list>
<bind>
<opcode="alloca(26) " fcode="alloca"/>
<opset="p_mul_stencil_update_1/1 "/>
</bind>
</comp>

<comp id="66" class="1004" name="p_mul_stencil_stream_s_fu_66">
<pin_list>
<pin id="67" dir="0" index="0" bw="1" slack="0"/>
<pin id="68" dir="1" index="1" bw="128" slack="4"/>
</pin_list>
<bind>
<opcode="alloca(26) " fcode="alloca"/>
<opset="p_mul_stencil_stream_s/1 "/>
</bind>
</comp>

<comp id="70" class="1004" name="grp_linebuffer_1_fu_70">
<pin_list>
<pin id="71" dir="0" index="0" bw="0" slack="0"/>
<pin id="72" dir="0" index="1" bw="8" slack="0"/>
<pin id="73" dir="0" index="2" bw="1" slack="0"/>
<pin id="74" dir="0" index="3" bw="72" slack="0"/>
<pin id="75" dir="1" index="4" bw="0" slack="2147483647"/>
</pin_list>
<bind>
<opcode="call(48) " fcode="call"/>
<opset="StgValue_12/1 "/>
</bind>
</comp>

<comp id="79" class="1004" name="grp_linebuffer_2_fu_79">
<pin_list>
<pin id="80" dir="0" index="0" bw="0" slack="0"/>
<pin id="81" dir="0" index="1" bw="32" slack="4"/>
<pin id="82" dir="0" index="2" bw="128" slack="4"/>
<pin id="83" dir="1" index="3" bw="0" slack="2147483647"/>
</pin_list>
<bind>
<opcode="call(48) " fcode="call"/>
<opset="StgValue_16/5 "/>
</bind>
</comp>

<comp id="85" class="1004" name="grp_Loop_1_proc_fu_85">
<pin_list>
<pin id="86" dir="0" index="0" bw="0" slack="0"/>
<pin id="87" dir="0" index="1" bw="72" slack="2"/>
<pin id="88" dir="0" index="2" bw="32" slack="2"/>
<pin id="89" dir="1" index="3" bw="0" slack="2147483647"/>
</pin_list>
<bind>
<opcode="call(48) " fcode="call"/>
<opset="StgValue_14/3 "/>
</bind>
</comp>

<comp id="91" class="1004" name="grp_Block_preheader39_p_fu_91">
<pin_list>
<pin id="92" dir="0" index="0" bw="0" slack="0"/>
<pin id="93" dir="0" index="1" bw="128" slack="6"/>
<pin id="94" dir="0" index="2" bw="8" slack="0"/>
<pin id="95" dir="0" index="3" bw="1" slack="0"/>
<pin id="96" dir="1" index="4" bw="0" slack="2147483647"/>
</pin_list>
<bind>
<opcode="call(48) " fcode="call"/>
<opset="StgValue_18/7 "/>
</bind>
</comp>

<comp id="100" class="1005" name="p_hw_input_stencil_st_reg_100">
<pin_list>
<pin id="101" dir="0" index="0" bw="72" slack="0"/>
<pin id="102" dir="1" index="1" bw="72" slack="0"/>
</pin_list>
<bind>
<opset="p_hw_input_stencil_st "/>
</bind>
</comp>

<comp id="106" class="1005" name="p_mul_stencil_update_1_reg_106">
<pin_list>
<pin id="107" dir="0" index="0" bw="32" slack="2"/>
<pin id="108" dir="1" index="1" bw="32" slack="2"/>
</pin_list>
<bind>
<opset="p_mul_stencil_update_1 "/>
</bind>
</comp>

<comp id="112" class="1005" name="p_mul_stencil_stream_s_reg_112">
<pin_list>
<pin id="113" dir="0" index="0" bw="128" slack="4"/>
<pin id="114" dir="1" index="1" bw="128" slack="4"/>
</pin_list>
<bind>
<opset="p_mul_stencil_stream_s "/>
</bind>
</comp>

</comp_list>

<net_list>
<net id="61"><net_src comp="8" pin="0"/><net_sink comp="58" pin=0"/></net>

<net id="65"><net_src comp="8" pin="0"/><net_sink comp="62" pin=0"/></net>

<net id="69"><net_src comp="8" pin="0"/><net_sink comp="66" pin=0"/></net>

<net id="76"><net_src comp="10" pin="0"/><net_sink comp="70" pin=0"/></net>

<net id="77"><net_src comp="0" pin="0"/><net_sink comp="70" pin=1"/></net>

<net id="78"><net_src comp="2" pin="0"/><net_sink comp="70" pin=2"/></net>

<net id="84"><net_src comp="14" pin="0"/><net_sink comp="79" pin=0"/></net>

<net id="90"><net_src comp="12" pin="0"/><net_sink comp="85" pin=0"/></net>

<net id="97"><net_src comp="16" pin="0"/><net_sink comp="91" pin=0"/></net>

<net id="98"><net_src comp="4" pin="0"/><net_sink comp="91" pin=2"/></net>

<net id="99"><net_src comp="6" pin="0"/><net_sink comp="91" pin=3"/></net>

<net id="103"><net_src comp="58" pin="1"/><net_sink comp="100" pin=0"/></net>

<net id="104"><net_src comp="100" pin="1"/><net_sink comp="70" pin=3"/></net>

<net id="105"><net_src comp="100" pin="1"/><net_sink comp="85" pin=1"/></net>

<net id="109"><net_src comp="62" pin="1"/><net_sink comp="106" pin=0"/></net>

<net id="110"><net_src comp="106" pin="1"/><net_sink comp="85" pin=2"/></net>

<net id="111"><net_src comp="106" pin="1"/><net_sink comp="79" pin=1"/></net>

<net id="115"><net_src comp="66" pin="1"/><net_sink comp="112" pin=0"/></net>

<net id="116"><net_src comp="112" pin="1"/><net_sink comp="79" pin=2"/></net>

<net id="117"><net_src comp="112" pin="1"/><net_sink comp="91" pin=1"/></net>

</net_list>

</model> 
---------------- Datapath Model END ------------------

* FSMD analyzer results:
  - Output states:
	Port: hw_output_V_value_V | {7 8 }
	Port: hw_output_V_last_V | {7 8 }
 - Input state : 
	Port: hls_target : hw_input_V_value_V | {1 2 }
	Port: hls_target : hw_input_V_last_V | {1 2 }
  - Chain level:
	State 1
		StgValue_12 : 1
	State 2
	State 3
	State 4
	State 5
	State 6
	State 7
	State 8


============================================================
+ Verbose Summary: Datapath Resource usage 
============================================================

* Functional unit list:
|----------|-------------------------------|---------|---------|---------|---------|
| Operation|        Functional Unit        |   BRAM  |  Delay  |    FF   |   LUT   |
|----------|-------------------------------|---------|---------|---------|---------|
|          |     grp_linebuffer_1_fu_70    |    0    |  4.764  |   908   |   332   |
|   call   |     grp_linebuffer_2_fu_79    |    0    |  1.588  |   217   |   303   |
|          |     grp_Loop_1_proc_fu_85     |    0    |    0    |   289   |   115   |
|          | grp_Block_preheader39_p_fu_91 |    0    |    0    |   140   |    40   |
|----------|-------------------------------|---------|---------|---------|---------|
|   Total  |                               |    0    |  6.352  |   1554  |   790   |
|----------|-------------------------------|---------|---------|---------|---------|

Memories:
N/A

* Register list:
+------------------------------+--------+
|                              |   FF   |
+------------------------------+--------+
| p_hw_input_stencil_st_reg_100|   72   |
|p_mul_stencil_stream_s_reg_112|   128  |
|p_mul_stencil_update_1_reg_106|   32   |
+------------------------------+--------+
|             Total            |   232  |
+------------------------------+--------+

* Multiplexer (MUX) list: 
|--------|------|------|------|--------|
|  Comp  |  Pin | Size |  BW  | S x BW |
|--------|------|------|------|--------|
|  Total |      |      |      |    0   |
|--------|------|------|------|--------|



* Summary:
+-----------+--------+--------+--------+--------+
|           |  BRAM  |  Delay |   FF   |   LUT  |
+-----------+--------+--------+--------+--------+
|  Function |    0   |    6   |  1554  |   790  |
|   Memory  |    -   |    -   |    -   |    -   |
|Multiplexer|    -   |    -   |    -   |    -   |
|  Register |    -   |    -   |   232  |    -   |
+-----------+--------+--------+--------+--------+
|   Total   |    0   |    6   |  1786  |   790  |
+-----------+--------+--------+--------+--------+
