

================================================================
== Vivado HLS Report for 'hls_target'
================================================================
* Date:           Sun Mar 15 19:01:28 2020

* Version:        2017.2 (Build 1909853 on Thu Jun 15 18:55:24 MDT 2017)
* Project:        conv2d_b2b
* Solution:       hls_target
* Product family: zynq
* Target device:  xc7z020clg484-1


================================================================
== Performance Estimates
================================================================
+ Timing (ns): 
    * Summary: 
    +--------+-------+----------+------------+
    |  Clock | Target| Estimated| Uncertainty|
    +--------+-------+----------+------------+
    |ap_clk  |   5.60|      7.94|        0.70|
    +--------+-------+----------+------------+

+ Latency (clock cycles): 
    * Summary: 
    +-----+-----+-----+-----+----------+
    |  Latency  |  Interval | Pipeline |
    | min | max | min | max |   Type   |
    +-----+-----+-----+-----+----------+
    |   33|   33|   34|   34| dataflow |
    +-----+-----+-----+-----+----------+

    + Detail: 
        * Instance: 
        +------------------------+---------------------+-----+-----+-----+-----+----------+
        |                        |                     |  Latency  |  Interval | Pipeline |
        |        Instance        |        Module       | min | max | min | max |   Type   |
        +------------------------+---------------------+-----+-----+-----+-----+----------+
        |linebuffer_1_U0         |linebuffer_1         |   33|   33|   34|   34| dataflow |
        |linebuffer_2_U0         |linebuffer_2         |    7|    7|    8|    8| dataflow |
        |Loop_1_proc_U0          |Loop_1_proc          |    9|    9|    9|    9|   none   |
        |Block_preheader39_p_U0  |Block_preheader39_p  |    2|    2|    2|    2|   none   |
        +------------------------+---------------------+-----+-----+-----+-----+----------+

        * Loop: 
        N/A



================================================================
== Utilization Estimates
================================================================
* Summary: 
+-----------------+---------+-------+--------+-------+
|       Name      | BRAM_18K| DSP48E|   FF   |  LUT  |
+-----------------+---------+-------+--------+-------+
|DSP              |        -|      -|       -|      -|
|Expression       |        -|      -|       0|      8|
|FIFO             |        -|      -|       0|      3|
|Instance         |        0|      -|    1563|   1493|
|Memory           |        -|      -|       -|      -|
|Multiplexer      |        -|      -|       -|      -|
|Register         |        -|      -|       -|      -|
+-----------------+---------+-------+--------+-------+
|Total            |        0|      0|    1563|   1504|
+-----------------+---------+-------+--------+-------+
|Available        |      280|    220|  106400|  53200|
+-----------------+---------+-------+--------+-------+
|Utilization (%)  |        0|      0|       1|      2|
+-----------------+---------+-------+--------+-------+

+ Detail: 
    * Instance: 
    +------------------------+---------------------+---------+-------+-----+-----+
    |        Instance        |        Module       | BRAM_18K| DSP48E|  FF | LUT |
    +------------------------+---------------------+---------+-------+-----+-----+
    |Block_preheader39_p_U0  |Block_preheader39_p  |        0|      0|  123|  112|
    |Loop_1_proc_U0          |Loop_1_proc          |        0|      0|  450|  284|
    |linebuffer_1_U0         |linebuffer_1         |        0|      0|  766|  677|
    |linebuffer_2_U0         |linebuffer_2         |        0|      0|  224|  420|
    +------------------------+---------------------+---------+-------+-----+-----+
    |Total                   |                     |        0|      0| 1563| 1493|
    +------------------------+---------------------+---------+-------+-----+-----+

    * DSP48: 
    N/A

    * Memory: 
    N/A

    * FIFO: 
    +--------------------------+---------+---+----+------+-----+---------+
    |           Name           | BRAM_18K| FF| LUT| Depth| Bits| Size:D*B|
    +--------------------------+---------+---+----+------+-----+---------+
    |p_hw_input_stencil_st_U   |        0|  0|   1|     1|   72|       72|
    |p_mul_stencil_stream_s_U  |        0|  0|   1|     1|  128|      128|
    |p_mul_stencil_update_1_U  |        0|  0|   1|     1|   32|       32|
    +--------------------------+---------+---+----+------+-----+---------+
    |Total                     |        0|  0|   3|     3|  232|      232|
    +--------------------------+---------+---+----+------+-----+---------+

    * Expression: 
    +------------------------------+----------+-------+---+----+------------+------------+
    |         Variable Name        | Operation| DSP48E| FF| LUT| Bitwidth P0| Bitwidth P1|
    +------------------------------+----------+-------+---+----+------------+------------+
    |ap_idle                       |    and   |      0|  0|   2|           1|           1|
    |Loop_1_proc_U0_start_full_n   |    or    |      0|  0|   2|           1|           1|
    |linebuffer_1_U0_start_full_n  |    or    |      0|  0|   2|           1|           1|
    |linebuffer_2_U0_start_full_n  |    or    |      0|  0|   2|           1|           1|
    +------------------------------+----------+-------+---+----+------------+------------+
    |Total                         |          |      0|  0|   8|           4|           4|
    +------------------------------+----------+-------+---+----+------------+------------+

    * Multiplexer: 
    N/A

    * Register: 
    N/A



================================================================
== Interface
================================================================
* Summary: 
+----------------------------+-----+-----+------------+---------------------+--------------+
|          RTL Ports         | Dir | Bits|  Protocol  |    Source Object    |    C Type    |
+----------------------------+-----+-----+------------+---------------------+--------------+
|hw_input_V_value_V          |  in |    8|    ap_hs   |  hw_input_V_value_V |    pointer   |
|hw_input_V_value_V_ap_vld   |  in |    1|    ap_hs   |  hw_input_V_value_V |    pointer   |
|hw_input_V_value_V_ap_ack   | out |    1|    ap_hs   |  hw_input_V_value_V |    pointer   |
|hw_input_V_last_V           |  in |    1|    ap_hs   |  hw_input_V_last_V  |    pointer   |
|hw_input_V_last_V_ap_vld    |  in |    1|    ap_hs   |  hw_input_V_last_V  |    pointer   |
|hw_input_V_last_V_ap_ack    | out |    1|    ap_hs   |  hw_input_V_last_V  |    pointer   |
|hw_output_V_value_V         | out |    8|    ap_hs   | hw_output_V_value_V |    pointer   |
|hw_output_V_value_V_ap_vld  | out |    1|    ap_hs   | hw_output_V_value_V |    pointer   |
|hw_output_V_value_V_ap_ack  |  in |    1|    ap_hs   | hw_output_V_value_V |    pointer   |
|hw_output_V_last_V          | out |    1|    ap_hs   |  hw_output_V_last_V |    pointer   |
|hw_output_V_last_V_ap_vld   | out |    1|    ap_hs   |  hw_output_V_last_V |    pointer   |
|hw_output_V_last_V_ap_ack   |  in |    1|    ap_hs   |  hw_output_V_last_V |    pointer   |
|ap_clk                      |  in |    1| ap_ctrl_hs |      hls_target     | return value |
|ap_rst                      |  in |    1| ap_ctrl_hs |      hls_target     | return value |
|ap_done                     | out |    1| ap_ctrl_hs |      hls_target     | return value |
|ap_start                    |  in |    1| ap_ctrl_hs |      hls_target     | return value |
|ap_ready                    | out |    1| ap_ctrl_hs |      hls_target     | return value |
|ap_idle                     | out |    1| ap_ctrl_hs |      hls_target     | return value |
+----------------------------+-----+-----+------------+---------------------+--------------+

